<?xml version="1.0" encoding="UTF-8"?>
<testsuites name="SD Flow ME-GR From Vendor with Advance" time="220.738" tests="8" failures="0" errors="0">
   <testsuite name="SD Flow ME-GR From Vendor with Advance" tests="8" failures="0" errors="0" time="220.738" timestamp="2019-11-12 10:57:49" hostname="daniel.donose - egt-danieldonose.egt.local" id="Test Suites/SD Flow ME-GR From Vendor with Advance">
      <properties>
         <property name="deviceName" value=""/>
         <property name="devicePlatform" value=""/>
         <property name="logFolder" value="C:\\Users\\daniel.donose\\git\\GAS_V4\\Reports\\20191112_105746\\SD Flow ME-GR From Vendor with Advance\\20191112_105746"/>
         <property name="logFiles" value="C:\\Users\\daniel.donose\\git\\GAS_V4\\Reports\\20191112_105746\\SD Flow ME-GR From Vendor with Advance\\20191112_105746\\execution0.log"/>
         <property name="attachments" value=""/>
         <property name="hostName" value="daniel.donose - egt-danieldonose.egt.local"/>
         <property name="os" value="Windows 10 64bit"/>
         <property name="katalonVersion" value="7.0.3.1"/>
         <property name="browser" value="Chrome 78.0.3904.87"/>
         <property name="dbServerInfo" value="PostgreSQL 9.6.10"/>
         <property name="hostAddress" value="10.120.2.94"/>
         <property name="sessionId" value="27c93b814c9a30b122756c6e0e51b98f"/>
         <property name="seleniumVersion" value="3.141.59"/>
         <property name="proxyInformation" value="ProxyInformation{proxyOption=NO_PROXY, proxyServerType=HTTP, password=, proxyServerAddress=, proxyServerPort=0}"/>
         <property name="platform" value="Windows 10"/>
      </properties>
      <testcase name="Test Cases/Login/LoginAdmin" time="18.707" classname="Test Cases/Login/LoginAdmin" status="PASSED">
         <system-out><![CDATA[2019-11-12 10:57:50 - [TEST_CASE][PASSED] - Test Cases/Login/LoginAdmin: Test Cases/Login/LoginAdmin

2019-11-12 10:57:50 - [TEST_STEP][PASSED] - openBrowser(""): Browser is opened with url: ''

2019-11-12 10:57:51 - [MESSAGE][INFO] - Starting 'Chrome' driver

2019-11-12 10:57:51 - [MESSAGE][INFO] - Action delay is set to 0 seconds

2019-11-12 10:57:58 - [MESSAGE][PASSED] - Browser is opened with url: ''

2019-11-12 10:57:58 - [TEST_STEP][PASSED] - maximizeWindow(): Current window maximized

2019-11-12 10:58:03 - [MESSAGE][PASSED] - Current window maximized

2019-11-12 10:58:03 - [TEST_STEP][PASSED] - navigateToUrl(Web7TestEnv): Navigate to 'http://web7.egt-bg.ro:7955/?#!/' successfully

2019-11-12 10:58:07 - [MESSAGE][PASSED] - Navigate to 'http://web7.egt-bg.ro:7955/?#!/' successfully

2019-11-12 10:58:07 - [TEST_STEP][PASSED] - setText(findTestObject("Login/input_username"), "daniel.donose"): Text 'daniel.donose' is set on object 'Object Repository/Login/input_username'

2019-11-12 10:58:07 - [MESSAGE][PASSED] - Text 'daniel.donose' is set on object 'Object Repository/Login/input_username'

2019-11-12 10:58:07 - [TEST_STEP][PASSED] - setText(findTestObject("Login/input_password"), "11111sase"): Text '11111sase' is set on object 'Object Repository/Login/input_password'

2019-11-12 10:58:08 - [MESSAGE][PASSED] - Text '11111sase' is set on object 'Object Repository/Login/input_password'

2019-11-12 10:58:08 - [TEST_STEP][PASSED] - click(findTestObject("Login/button_Login")): Object: 'Object Repository/Login/button_Login' is clicked on

2019-11-12 10:58:08 - [MESSAGE][PASSED] - Object: 'Object Repository/Login/button_Login' is clicked on

2019-11-12 10:58:08 - [TEST_STEP][NOT_RUN] - callTestCase(findTestCase("DailyRates"), [:], STOP_ON_FAILURE): NOT_RUN: callTestCase(findTestCase("DailyRates"), [:], STOP_ON_FAILURE)

2019-11-12 10:58:08 - [MESSAGE][NOT_RUN] - NOT_RUN: callTestCase(findTestCase("DailyRates"), [:], STOP_ON_FAILURE)]]></system-out>
         <system-err><![CDATA[]]></system-err>
      </testcase>
      <testcase name="Test Cases/SD FLOW/SD FLOW IDless/SD FLOW_Meeting_IDLESS" time="38.799" classname="Test Cases/SD FLOW/SD FLOW IDless/SD FLOW_Meeting_IDLESS" status="PASSED">
         <system-out><![CDATA[2019-11-12 10:58:08 - [TEST_CASE][PASSED] - Test Cases/SD FLOW/SD FLOW IDless/SD FLOW_Meeting_IDLESS: Test Cases/SD FLOW/SD FLOW IDless/SD FLOW_Meeting_IDLESS

2019-11-12 10:58:09 - [TEST_STEP][PASSED] - pathWait = "/Waiters/WaitLoadingAnim_Element": null

2019-11-12 10:58:09 - [TEST_STEP][PASSED] - companyName = "ME/input_Company name": null

2019-11-12 10:58:09 - [TEST_STEP][PASSED] - contactName = "ME/input_Contact name": null

2019-11-12 10:58:09 - [TEST_STEP][PASSED] - materialSelect = "ME/Client Products/input_Materials": null

2019-11-12 10:58:09 - [TEST_STEP][PASSED] - meetingButton = "ME/button_Create Offer": null

2019-11-12 10:58:09 - [TEST_STEP][PASSED] - waitForElementVisible(findTestObject("MainDashboard/Nav_Menu_Top/a_SD"), 10): Object 'Object Repository/MainDashboard/Nav_Menu_Top/a_SD' is visible

2019-11-12 10:58:16 - [MESSAGE][PASSED] - Object 'Object Repository/MainDashboard/Nav_Menu_Top/a_SD' is visible

2019-11-12 10:58:16 - [TEST_STEP][PASSED] - mainDashboardSelections.Selectors.selectSDMeeting(): mainDashboardSelections.Selectors.selectSDMeeting is PASSED

2019-11-12 10:58:17 - [MESSAGE][PASSED] - Object: 'Object Repository/MainDashboard/Nav_Menu_Top/a_SD' is clicked on

2019-11-12 10:58:17 - [MESSAGE][PASSED] - Object: 'Object Repository/MainDashboard/Nav_Menu_Top/SD/a_Add New Meeting' is clicked on

2019-11-12 10:58:17 - [MESSAGE][PASSED] - mainDashboardSelections.Selectors.selectSDMeeting is PASSED

2019-11-12 10:58:17 - [TEST_STEP][PASSED] - waitForElementNotVisible(findTestObject(pathWait), 20): Object 'Object Repository//Waiters/WaitLoadingAnim_Element' is NOT visible

2019-11-12 10:58:19 - [MESSAGE][PASSED] - Object 'Object Repository//Waiters/WaitLoadingAnim_Element' is NOT visible

2019-11-12 10:58:19 - [TEST_STEP][PASSED] - delay(5): Delayed 5 second(s)

2019-11-12 10:58:24 - [MESSAGE][PASSED] - Delayed 5 second(s)

2019-11-12 10:58:24 - [TEST_STEP][PASSED] - selectOptionByLabel(findTestObject("ME/select_me_prio"), findTestData("DropDowns").getValue(1, 1), false): All options with label 'Low' are selected in object 'Object Repository/ME/select_me_prio' 

2019-11-12 10:58:25 - [MESSAGE][PASSED] - All options with label 'Low' are selected in object 'Object Repository/ME/select_me_prio' 

2019-11-12 10:58:25 - [TEST_STEP][PASSED] - click(findTestObject("ME/span_Company name")): Object: 'Object Repository/ME/span_Company name' is clicked on

2019-11-12 10:58:26 - [MESSAGE][PASSED] - Object: 'Object Repository/ME/span_Company name' is clicked on

2019-11-12 10:58:26 - [TEST_STEP][PASSED] - setText(findTestObject(companyName), findTestData("Clients").getValue(1, 2), STOP_ON_FAILURE): Text 'MEGA IMAGE' is set on object 'Object Repository/ME/input_Company name'

2019-11-12 10:58:27 - [MESSAGE][PASSED] - Text 'MEGA IMAGE' is set on object 'Object Repository/ME/input_Company name'

2019-11-12 10:58:27 - [TEST_STEP][PASSED] - sendKeys(findTestObject(companyName), Keys.chord(ENTER)): Keys 'ENTER + ' sent to object: 'Object Repository/ME/input_Company name'

2019-11-12 10:58:28 - [MESSAGE][PASSED] - Keys 'ENTER + ' sent to object: 'Object Repository/ME/input_Company name'

2019-11-12 10:58:28 - [TEST_STEP][PASSED] - click(findTestObject("ME/span_Contact name"), STOP_ON_FAILURE): Object: 'Object Repository/ME/span_Contact name' is clicked on

2019-11-12 10:58:29 - [MESSAGE][PASSED] - Object: 'Object Repository/ME/span_Contact name' is clicked on

2019-11-12 10:58:29 - [TEST_STEP][PASSED] - setText(findTestObject(contactName), "Ivanka Petrova"): Text 'Ivanka Petrova' is set on object 'Object Repository/ME/input_Contact name'

2019-11-12 10:58:30 - [MESSAGE][PASSED] - Text 'Ivanka Petrova' is set on object 'Object Repository/ME/input_Contact name'

2019-11-12 10:58:30 - [TEST_STEP][PASSED] - sendKeys(findTestObject(contactName), Keys.chord(ENTER)): Keys 'ENTER + ' sent to object: 'Object Repository/ME/input_Contact name'

2019-11-12 10:58:31 - [MESSAGE][PASSED] - Keys 'ENTER + ' sent to object: 'Object Repository/ME/input_Contact name'

2019-11-12 10:58:31 - [TEST_STEP][PASSED] - selectOptionByValue(findTestObject("ME/select_Meeting"), findTestData("DropDowns").getValue(2, 1), false): All options with value 'Meeting' are selected in object 'Object Repository/ME/select_Meeting' 

2019-11-12 10:58:32 - [MESSAGE][PASSED] - All options with value 'Meeting' are selected in object 'Object Repository/ME/select_Meeting' 

2019-11-12 10:58:32 - [TEST_STEP][PASSED] - selectOptionByValue(findTestObject("ME/select_Deal"), findTestData("DropDowns").getValue(3, 1), false): All options with value 'New Deal' are selected in object 'Object Repository/ME/select_Deal' 

2019-11-12 10:58:33 - [MESSAGE][PASSED] - All options with value 'New Deal' are selected in object 'Object Repository/ME/select_Deal' 

2019-11-12 10:58:33 - [TEST_STEP][PASSED] - selectOptionByValue(findTestObject("ME/select_Location"), findTestData("DropDowns").getValue(4, 1), false): All options with value 'Own Office' are selected in object 'Object Repository/ME/select_Location' 

2019-11-12 10:58:34 - [MESSAGE][PASSED] - All options with value 'Own Office' are selected in object 'Object Repository/ME/select_Location' 

2019-11-12 10:58:34 - [TEST_STEP][PASSED] - selectOptionByValue(findTestObject("ME/select_Opportunity"), findTestData("DropDowns").getValue(5, 1), false): All options with value 'High' are selected in object 'Object Repository/ME/select_Opportunity' 

2019-11-12 10:58:35 - [MESSAGE][PASSED] - All options with value 'High' are selected in object 'Object Repository/ME/select_Opportunity' 

2019-11-12 10:58:35 - [TEST_STEP][PASSED] - selectOptionByValue(findTestObject("ME/select_Purpose"), findTestData("DropDowns").getValue(6, 1), false): All options with value 'Offer' are selected in object 'Object Repository/ME/select_Purpose' 

2019-11-12 10:58:36 - [MESSAGE][PASSED] - All options with value 'Offer' are selected in object 'Object Repository/ME/select_Purpose' 

2019-11-12 10:58:36 - [TEST_STEP][PASSED] - dateNow = dates.DateGenerate.date(): dates.DateGenerate.date is PASSED

2019-11-12 10:58:36 - [MESSAGE][PASSED] - dates.DateGenerate.date is PASSED

2019-11-12 10:58:36 - [TEST_STEP][PASSED] - setText(findTestObject("ME/DatePick/input_Meeting date"), dateNow): Text '2019-11-12' is set on object 'Object Repository/ME/DatePick/input_Meeting date'

2019-11-12 10:58:37 - [MESSAGE][PASSED] - Text '2019-11-12' is set on object 'Object Repository/ME/DatePick/input_Meeting date'

2019-11-12 10:58:37 - [TEST_STEP][PASSED] - waitForElementVisible(findTestObject("ME/Client Products/span_Client interested in products"), 5): Object 'Object Repository/ME/Client Products/span_Client interested in products' is visible

2019-11-12 10:58:38 - [MESSAGE][PASSED] - Object 'Object Repository/ME/Client Products/span_Client interested in products' is visible

2019-11-12 10:58:38 - [TEST_STEP][PASSED] - setText(findTestObject("ME/Client Products/input_Quantty"), "10"): Text '10' is set on object 'Object Repository/ME/Client Products/input_Quantty'

2019-11-12 10:58:39 - [MESSAGE][PASSED] - Text '10' is set on object 'Object Repository/ME/Client Products/input_Quantty'

2019-11-12 10:58:39 - [TEST_STEP][PASSED] - click(findTestObject("ME/Client Products/span_Select material")): Object: 'Object Repository/ME/Client Products/span_Select material' is clicked on

2019-11-12 10:58:40 - [MESSAGE][PASSED] - Object: 'Object Repository/ME/Client Products/span_Select material' is clicked on

2019-11-12 10:58:40 - [TEST_STEP][PASSED] - setText(findTestObject(materialSelect), findTestData("Materials").getValue(1, 23)): Text 'Elenovo Cabernet Franc , PDO Nova Zagora, 1500 ml' is set on object 'Object Repository/ME/Client Products/input_Materials'

2019-11-12 10:58:42 - [MESSAGE][PASSED] - Text 'Elenovo Cabernet Franc , PDO Nova Zagora, 1500 ml' is set on object 'Object Repository/ME/Client Products/input_Materials'

2019-11-12 10:58:42 - [TEST_STEP][PASSED] - sendKeys(findTestObject(materialSelect), Keys.chord(ENTER)): Keys 'ENTER + ' sent to object: 'Object Repository/ME/Client Products/input_Materials'

2019-11-12 10:58:43 - [MESSAGE][PASSED] - Keys 'ENTER + ' sent to object: 'Object Repository/ME/Client Products/input_Materials'

2019-11-12 10:58:43 - [TEST_STEP][PASSED] - selectOptionByValue(findTestObject("ME/Client Products/select_DealTypeForMaterial"), findTestData("DropDowns").getValue(7, 1), false): All options with value 'Sale' are selected in object 'Object Repository/ME/Client Products/select_DealTypeForMaterial' 

2019-11-12 10:58:44 - [MESSAGE][PASSED] - All options with value 'Sale' are selected in object 'Object Repository/ME/Client Products/select_DealTypeForMaterial' 

2019-11-12 10:58:44 - [TEST_STEP][PASSED] - setText(findTestObject("ME/textarea_Comment"), "This is made by AUTOMATION"): Text 'This is made by AUTOMATION' is set on object 'Object Repository/ME/textarea_Comment'

2019-11-12 10:58:45 - [MESSAGE][PASSED] - Text 'This is made by AUTOMATION' is set on object 'Object Repository/ME/textarea_Comment'

2019-11-12 10:58:45 - [TEST_STEP][PASSED] - scrollToElement(findTestObject(meetingButton), 20): Scroll to object 'Object Repository/ME/button_Create Offer' successfully

2019-11-12 10:58:46 - [MESSAGE][PASSED] - Scroll to object 'Object Repository/ME/button_Create Offer' successfully

2019-11-12 10:58:46 - [TEST_STEP][PASSED] - click(findTestObject(meetingButton)): Object: 'Object Repository/ME/button_Create Offer' is clicked on

2019-11-12 10:58:46 - [MESSAGE][PASSED] - Object: 'Object Repository/ME/button_Create Offer' is clicked on

2019-11-12 10:58:46 - [TEST_STEP][PASSED] - waitForElementNotVisible(findTestObject(pathWait), 20): Object 'Object Repository//Waiters/WaitLoadingAnim_Element' is NOT visible

2019-11-12 10:58:47 - [MESSAGE][PASSED] - Object 'Object Repository//Waiters/WaitLoadingAnim_Element' is NOT visible

2019-11-12 10:58:47 - [TEST_STEP][PASSED] - scrollToPosition(0, 0): Browser is scrolled to position x = 0, y = 0

2019-11-12 10:58:47 - [MESSAGE][PASSED] - Browser is scrolled to position x = 0, y = 0]]></system-out>
         <system-err><![CDATA[]]></system-err>
      </testcase>
      <testcase name="Test Cases/SD FLOW/SD FLOW IDless/SD FLOW_Offer_0Advance_1Installment" time="28.233" classname="Test Cases/SD FLOW/SD FLOW IDless/SD FLOW_Offer_0Advance_1Installment" status="PASSED">
         <system-out><![CDATA[2019-11-12 10:58:47 - [TEST_CASE][PASSED] - Test Cases/SD FLOW/SD FLOW IDless/SD FLOW_Offer_0Advance_1Installment: Test Cases/SD FLOW/SD FLOW IDless/SD FLOW_Offer_0Advance_1Installment

2019-11-12 10:58:48 - [TEST_STEP][PASSED] - waitLoad = "Waiters/WaitLoadingAnim_Element": null

2019-11-12 10:58:48 - [TEST_STEP][PASSED] - waitFirstButton = "Waiters/WaitButton_Element": null

2019-11-12 10:58:48 - [TEST_STEP][PASSED] - waitOpen = "OF/Status Open/input_Sale Offer_Open": null

2019-11-12 10:58:48 - [TEST_STEP][PASSED] - waitForElementNotVisible(findTestObject(waitLoad), 20): Object 'Object Repository/Waiters/WaitLoadingAnim_Element' is NOT visible

2019-11-12 10:58:48 - [MESSAGE][PASSED] - Object 'Object Repository/Waiters/WaitLoadingAnim_Element' is NOT visible

2019-11-12 10:58:48 - [TEST_STEP][PASSED] - waitForElementVisible(findTestObject(waitFirstButton), 20): Object 'Object Repository/Waiters/WaitButton_Element' is visible

2019-11-12 10:58:54 - [MESSAGE][PASSED] - Object 'Object Repository/Waiters/WaitButton_Element' is visible

2019-11-12 10:58:54 - [TEST_STEP][PASSED] - linkers.Link_SD_FLOW_VENDOR.offer(): linkers.Link_SD_FLOW_VENDOR.offer is PASSED

2019-11-12 10:58:57 - [MESSAGE][PASSED] - linkers.Link_SD_FLOW_VENDOR.offer is PASSED

2019-11-12 10:58:57 - [TEST_STEP][PASSED] - waitForElementNotVisible(findTestObject(waitLoad), 20): Object 'Object Repository/Waiters/WaitLoadingAnim_Element' is NOT visible

2019-11-12 10:58:59 - [MESSAGE][PASSED] - Object 'Object Repository/Waiters/WaitLoadingAnim_Element' is NOT visible

2019-11-12 10:58:59 - [TEST_STEP][PASSED] - waitForElementVisible(findTestObject(waitOpen), 20): Object 'Object Repository/OF/Status Open/input_Sale Offer_Open' is visible

2019-11-12 10:58:59 - [MESSAGE][PASSED] - Object 'Object Repository/OF/Status Open/input_Sale Offer_Open' is visible

2019-11-12 10:58:59 - [TEST_STEP][PASSED] - waitForElementClickable(findTestObject(waitOpen), 20): Object 'Object Repository/OF/Status Open/input_Sale Offer_Open' is clickable

2019-11-12 10:59:00 - [MESSAGE][PASSED] - Object 'Object Repository/OF/Status Open/input_Sale Offer_Open' is clickable

2019-11-12 10:59:00 - [TEST_STEP][PASSED] - click(findTestObject(waitOpen)): Object: 'Object Repository/OF/Status Open/input_Sale Offer_Open' is clicked on

2019-11-12 10:59:00 - [MESSAGE][PASSED] - Object: 'Object Repository/OF/Status Open/input_Sale Offer_Open' is clicked on

2019-11-12 10:59:00 - [TEST_STEP][PASSED] - waitForElementNotVisible(findTestObject(waitLoad), 20): Object 'Object Repository/Waiters/WaitLoadingAnim_Element' is NOT visible

2019-11-12 10:59:01 - [MESSAGE][PASSED] - Object 'Object Repository/Waiters/WaitLoadingAnim_Element' is NOT visible

2019-11-12 10:59:01 - [TEST_STEP][PASSED] - date = dates.DateGenerate.dateWeek(): dates.DateGenerate.dateWeek is PASSED

2019-11-12 10:59:01 - [MESSAGE][PASSED] - dates.DateGenerate.dateWeek is PASSED

2019-11-12 10:59:01 - [TEST_STEP][PASSED] - sendKeys(findTestObject("OF/Status In Progress/input_Offer Validity_Date"), date): Keys '2019-11-19' sent to object: 'Object Repository/OF/Status In Progress/input_Offer Validity_Date'

2019-11-12 10:59:02 - [MESSAGE][PASSED] - Keys '2019-11-19' sent to object: 'Object Repository/OF/Status In Progress/input_Offer Validity_Date'

2019-11-12 10:59:02 - [TEST_STEP][NOT_RUN] - sendKeys(findTestObject("OF/Status In Progress/input_Discount"), ""): NOT_RUN: sendKeys(findTestObject("OF/Status In Progress/input_Discount"), "")

2019-11-12 10:59:02 - [MESSAGE][NOT_RUN] - NOT_RUN: sendKeys(findTestObject("OF/Status In Progress/input_Discount"), "")

2019-11-12 10:59:02 - [TEST_STEP][PASSED] - sendKeys(findTestObject("OF/Status In Progress/input_Advance - Pay"), "0"): Keys '0' sent to object: 'Object Repository/OF/Status In Progress/input_Advance - Pay'

2019-11-12 10:59:02 - [MESSAGE][PASSED] - Keys '0' sent to object: 'Object Repository/OF/Status In Progress/input_Advance - Pay'

2019-11-12 10:59:02 - [TEST_STEP][PASSED] - dateAdvance = dates.DateGenerate.dateWeek(): dates.DateGenerate.dateWeek is PASSED

2019-11-12 10:59:02 - [MESSAGE][PASSED] - dates.DateGenerate.dateWeek is PASSED

2019-11-12 10:59:02 - [TEST_STEP][PASSED] - sendKeys(findTestObject("OF/Status In Progress/input_First Advance Payment (deadline)"), dateAdvance): Keys '2019-11-19' sent to object: 'Object Repository/OF/Status In Progress/input_First Advance Payment (deadline)'

2019-11-12 10:59:04 - [MESSAGE][PASSED] - Keys '2019-11-19' sent to object: 'Object Repository/OF/Status In Progress/input_First Advance Payment (deadline)'

2019-11-12 10:59:04 - [TEST_STEP][PASSED] - selectOptionByIndex(findTestObject("OF/Status In Progress/select_Installments"), 2): All options with index in [2] are selected on object 'Object Repository/OF/Status In Progress/select_Installments'

2019-11-12 10:59:05 - [MESSAGE][PASSED] - All options with index in [2] are selected on object 'Object Repository/OF/Status In Progress/select_Installments'

2019-11-12 10:59:05 - [TEST_STEP][NOT_RUN] - sendKeys(findTestObject("OF/Status In Progress/input_Interest"), ""): NOT_RUN: sendKeys(findTestObject("OF/Status In Progress/input_Interest"), "")

2019-11-12 10:59:05 - [MESSAGE][NOT_RUN] - NOT_RUN: sendKeys(findTestObject("OF/Status In Progress/input_Interest"), "")

2019-11-12 10:59:05 - [TEST_STEP][PASSED] - click(findTestObject("OF/Status In Progress/Calculate")): Object: 'Object Repository/OF/Status In Progress/Calculate' is clicked on

2019-11-12 10:59:06 - [MESSAGE][PASSED] - Object: 'Object Repository/OF/Status In Progress/Calculate' is clicked on

2019-11-12 10:59:06 - [TEST_STEP][PASSED] - checkers.RadioButton.OwnCompany(): checkers.RadioButton.OwnCompany is PASSED

2019-11-12 10:59:07 - [MESSAGE][PASSED] - Actual text and expected text of test object 'Object Repository/OF/Status In Progress/Radio buttons/span_Own Companies' are matched.

2019-11-12 10:59:08 - [MESSAGE][PASSED] - Object 'Object Repository/OF/Status In Progress/Radio buttons/input_Own Companies' is checked

2019-11-12 10:59:08 - [MESSAGE][PASSED] - checkers.RadioButton.OwnCompany is PASSED

2019-11-12 10:59:08 - [TEST_STEP][PASSED] - selectOptionByIndex(findTestObject("OF/Status In Progress/select_Company"), 1): All options with index in [1] are selected on object 'Object Repository/OF/Status In Progress/select_Company'

2019-11-12 10:59:09 - [MESSAGE][PASSED] - All options with index in [1] are selected on object 'Object Repository/OF/Status In Progress/select_Company'

2019-11-12 10:59:09 - [TEST_STEP][PASSED] - checkers.RadioButton.Warehouse(): checkers.RadioButton.Warehouse is PASSED

2019-11-12 10:59:10 - [MESSAGE][PASSED] - Actual text and expected text of test object 'Object Repository/OF/Status In Progress/Radio buttons/span_Warehouse' are matched.

2019-11-12 10:59:11 - [MESSAGE][PASSED] - Object 'Object Repository/OF/Status In Progress/Radio buttons/input_Warehouse' is checked

2019-11-12 10:59:11 - [MESSAGE][PASSED] - checkers.RadioButton.Warehouse is PASSED

2019-11-12 10:59:11 - [TEST_STEP][PASSED] - selectOptionByValue(findTestObject("OF/Status In Progress/Warehouse/select_Warehouse"), findTestData("Warehouses").getValue(1, 4), false): All options with value '4' are selected in object 'Object Repository/OF/Status In Progress/Warehouse/select_Warehouse' 

2019-11-12 10:59:13 - [MESSAGE][PASSED] - All options with value '4' are selected in object 'Object Repository/OF/Status In Progress/Warehouse/select_Warehouse' 

2019-11-12 10:59:13 - [TEST_STEP][PASSED] - click(findTestObject("OF/Status In Progress/input_Sale Offer_SendForConfirmation")): Object: 'Object Repository/OF/Status In Progress/input_Sale Offer_SendForConfirmation' is clicked on

2019-11-12 10:59:13 - [MESSAGE][PASSED] - Object: 'Object Repository/OF/Status In Progress/input_Sale Offer_SendForConfirmation' is clicked on

2019-11-12 10:59:13 - [TEST_STEP][PASSED] - waitForElementNotVisible(findTestObject(waitLoad), 20): Object 'Object Repository/Waiters/WaitLoadingAnim_Element' is NOT visible

2019-11-12 10:59:15 - [MESSAGE][PASSED] - Object 'Object Repository/Waiters/WaitLoadingAnim_Element' is NOT visible]]></system-out>
         <system-err><![CDATA[]]></system-err>
      </testcase>
      <testcase name="Test Cases/SD FLOW/SD FLOW IDless/SD FLOW_Offer_Confirmations" time="35.998" classname="Test Cases/SD FLOW/SD FLOW IDless/SD FLOW_Offer_Confirmations" status="PASSED">
         <system-out><![CDATA[2019-11-12 10:59:15 - [TEST_CASE][PASSED] - Test Cases/SD FLOW/SD FLOW IDless/SD FLOW_Offer_Confirmations: Test Cases/SD FLOW/SD FLOW IDless/SD FLOW_Offer_Confirmations

2019-11-12 10:59:16 - [TEST_STEP][PASSED] - waitLoad = "Waiters/WaitLoadingAnim_Element": null

2019-11-12 10:59:16 - [TEST_STEP][PASSED] - waitButton = "Waiters/WaitButton_Element": null

2019-11-12 10:59:16 - [TEST_STEP][PASSED] - waitDirector = "OF/Status Sale Confirmation/Sale Director/input_Sale Offer_director": null

2019-11-12 10:59:16 - [TEST_STEP][PASSED] - waitRODirector = "OF/Status Sale Confirmation/EGT Romania Director/input_Sale Offer_RODirector": null

2019-11-12 10:59:16 - [TEST_STEP][PASSED] - waitBGDirector = "OF/Status Sale Confirmation/EGT Bulgaria Director/input_Sale Offer_BGDirector": null

2019-11-12 10:59:16 - [TEST_STEP][PASSED] - waitClient = "OF/Status Sale Confirmation/Client/input_Sale Offer_Client": null

2019-11-12 10:59:16 - [TEST_STEP][PASSED] - waitForElementNotVisible(findTestObject(waitLoad), 20): Object 'Object Repository/Waiters/WaitLoadingAnim_Element' is NOT visible

2019-11-12 10:59:16 - [MESSAGE][PASSED] - Object 'Object Repository/Waiters/WaitLoadingAnim_Element' is NOT visible

2019-11-12 10:59:16 - [TEST_STEP][PASSED] - waitForElementVisible(findTestObject(waitButton), 20): Object 'Object Repository/Waiters/WaitButton_Element' is visible

2019-11-12 10:59:17 - [MESSAGE][PASSED] - Object 'Object Repository/Waiters/WaitButton_Element' is visible

2019-11-12 10:59:17 - [TEST_STEP][PASSED] - waitForElementVisible(findTestObject(waitButton), 20): Object 'Object Repository/Waiters/WaitButton_Element' is visible

2019-11-12 10:59:17 - [MESSAGE][PASSED] - Object 'Object Repository/Waiters/WaitButton_Element' is visible

2019-11-12 10:59:17 - [TEST_STEP][PASSED] - linkers.Link_SD_FLOW_VENDOR.offer(): linkers.Link_SD_FLOW_VENDOR.offer is PASSED

2019-11-12 10:59:20 - [MESSAGE][PASSED] - linkers.Link_SD_FLOW_VENDOR.offer is PASSED

2019-11-12 10:59:20 - [TEST_STEP][PASSED] - waitForElementNotVisible(findTestObject(waitLoad), 20): Object 'Object Repository/Waiters/WaitLoadingAnim_Element' is NOT visible

2019-11-12 10:59:22 - [MESSAGE][PASSED] - Object 'Object Repository/Waiters/WaitLoadingAnim_Element' is NOT visible

2019-11-12 10:59:22 - [TEST_STEP][PASSED] - waitForElementVisible(findTestObject(waitDirector), 20): Object 'Object Repository/OF/Status Sale Confirmation/Sale Director/input_Sale Offer_director' is visible

2019-11-12 10:59:22 - [MESSAGE][PASSED] - Object 'Object Repository/OF/Status Sale Confirmation/Sale Director/input_Sale Offer_director' is visible

2019-11-12 10:59:22 - [TEST_STEP][PASSED] - waitForElementClickable(findTestObject(waitDirector), 20): Object 'Object Repository/OF/Status Sale Confirmation/Sale Director/input_Sale Offer_director' is clickable

2019-11-12 10:59:23 - [MESSAGE][PASSED] - Object 'Object Repository/OF/Status Sale Confirmation/Sale Director/input_Sale Offer_director' is clickable

2019-11-12 10:59:23 - [TEST_STEP][PASSED] - click(findTestObject(waitDirector)): Object: 'Object Repository/OF/Status Sale Confirmation/Sale Director/input_Sale Offer_director' is clicked on

2019-11-12 10:59:23 - [MESSAGE][PASSED] - Object: 'Object Repository/OF/Status Sale Confirmation/Sale Director/input_Sale Offer_director' is clicked on

2019-11-12 10:59:23 - [TEST_STEP][PASSED] - waitForElementNotVisible(findTestObject(waitLoad), 20): Object 'Object Repository/Waiters/WaitLoadingAnim_Element' is NOT visible

2019-11-12 10:59:25 - [MESSAGE][PASSED] - Object 'Object Repository/Waiters/WaitLoadingAnim_Element' is NOT visible

2019-11-12 10:59:25 - [TEST_STEP][PASSED] - waitForElementVisible(findTestObject(waitButton), 20): Object 'Object Repository/Waiters/WaitButton_Element' is visible

2019-11-12 10:59:25 - [MESSAGE][PASSED] - Object 'Object Repository/Waiters/WaitButton_Element' is visible

2019-11-12 10:59:25 - [TEST_STEP][PASSED] - linkers.Link_SD_FLOW_VENDOR.offer(): linkers.Link_SD_FLOW_VENDOR.offer is PASSED

2019-11-12 10:59:27 - [MESSAGE][PASSED] - linkers.Link_SD_FLOW_VENDOR.offer is PASSED

2019-11-12 10:59:27 - [TEST_STEP][PASSED] - waitForElementNotVisible(findTestObject(waitLoad), 20): Object 'Object Repository/Waiters/WaitLoadingAnim_Element' is NOT visible

2019-11-12 10:59:29 - [MESSAGE][PASSED] - Object 'Object Repository/Waiters/WaitLoadingAnim_Element' is NOT visible

2019-11-12 10:59:29 - [TEST_STEP][PASSED] - waitForElementVisible(findTestObject(waitRODirector), 20): Object 'Object Repository/OF/Status Sale Confirmation/EGT Romania Director/input_Sale Offer_RODirector' is visible

2019-11-12 10:59:30 - [MESSAGE][PASSED] - Object 'Object Repository/OF/Status Sale Confirmation/EGT Romania Director/input_Sale Offer_RODirector' is visible

2019-11-12 10:59:30 - [TEST_STEP][PASSED] - waitForElementClickable(findTestObject(waitRODirector), 20): Object 'Object Repository/OF/Status Sale Confirmation/EGT Romania Director/input_Sale Offer_RODirector' is clickable

2019-11-12 10:59:30 - [MESSAGE][PASSED] - Object 'Object Repository/OF/Status Sale Confirmation/EGT Romania Director/input_Sale Offer_RODirector' is clickable

2019-11-12 10:59:30 - [TEST_STEP][PASSED] - click(findTestObject(waitRODirector)): Object: 'Object Repository/OF/Status Sale Confirmation/EGT Romania Director/input_Sale Offer_RODirector' is clicked on

2019-11-12 10:59:31 - [MESSAGE][PASSED] - Object: 'Object Repository/OF/Status Sale Confirmation/EGT Romania Director/input_Sale Offer_RODirector' is clicked on

2019-11-12 10:59:31 - [TEST_STEP][PASSED] - waitForElementNotVisible(findTestObject(waitLoad), 20): Object 'Object Repository/Waiters/WaitLoadingAnim_Element' is NOT visible

2019-11-12 10:59:33 - [MESSAGE][PASSED] - Object 'Object Repository/Waiters/WaitLoadingAnim_Element' is NOT visible

2019-11-12 10:59:33 - [TEST_STEP][PASSED] - waitForElementVisible(findTestObject(waitButton), 20): Object 'Object Repository/Waiters/WaitButton_Element' is visible

2019-11-12 10:59:34 - [MESSAGE][PASSED] - Object 'Object Repository/Waiters/WaitButton_Element' is visible

2019-11-12 10:59:34 - [TEST_STEP][PASSED] - waitForElementVisible(findTestObject(waitButton), 20): Object 'Object Repository/Waiters/WaitButton_Element' is visible

2019-11-12 10:59:34 - [MESSAGE][PASSED] - Object 'Object Repository/Waiters/WaitButton_Element' is visible

2019-11-12 10:59:34 - [TEST_STEP][PASSED] - linkers.Link_SD_FLOW_VENDOR.offer(): linkers.Link_SD_FLOW_VENDOR.offer is PASSED

2019-11-12 10:59:37 - [MESSAGE][PASSED] - linkers.Link_SD_FLOW_VENDOR.offer is PASSED

2019-11-12 10:59:37 - [TEST_STEP][PASSED] - waitForElementNotVisible(findTestObject(waitLoad), 20): Object 'Object Repository/Waiters/WaitLoadingAnim_Element' is NOT visible

2019-11-12 10:59:38 - [MESSAGE][PASSED] - Object 'Object Repository/Waiters/WaitLoadingAnim_Element' is NOT visible

2019-11-12 10:59:38 - [TEST_STEP][PASSED] - waitForElementVisible(findTestObject(waitBGDirector), 20): Object 'Object Repository/OF/Status Sale Confirmation/EGT Bulgaria Director/input_Sale Offer_BGDirector' is visible

2019-11-12 10:59:39 - [MESSAGE][PASSED] - Object 'Object Repository/OF/Status Sale Confirmation/EGT Bulgaria Director/input_Sale Offer_BGDirector' is visible

2019-11-12 10:59:39 - [TEST_STEP][PASSED] - waitForElementClickable(findTestObject(waitBGDirector), 20): Object 'Object Repository/OF/Status Sale Confirmation/EGT Bulgaria Director/input_Sale Offer_BGDirector' is clickable

2019-11-12 10:59:40 - [MESSAGE][PASSED] - Object 'Object Repository/OF/Status Sale Confirmation/EGT Bulgaria Director/input_Sale Offer_BGDirector' is clickable

2019-11-12 10:59:40 - [TEST_STEP][PASSED] - click(findTestObject(waitBGDirector)): Object: 'Object Repository/OF/Status Sale Confirmation/EGT Bulgaria Director/input_Sale Offer_BGDirector' is clicked on

2019-11-12 10:59:40 - [MESSAGE][PASSED] - Object: 'Object Repository/OF/Status Sale Confirmation/EGT Bulgaria Director/input_Sale Offer_BGDirector' is clicked on

2019-11-12 10:59:40 - [TEST_STEP][PASSED] - waitForElementNotVisible(findTestObject(waitLoad), 20): Object 'Object Repository/Waiters/WaitLoadingAnim_Element' is NOT visible

2019-11-12 10:59:42 - [MESSAGE][PASSED] - Object 'Object Repository/Waiters/WaitLoadingAnim_Element' is NOT visible

2019-11-12 10:59:42 - [TEST_STEP][PASSED] - waitForElementVisible(findTestObject(waitButton), 20): Object 'Object Repository/Waiters/WaitButton_Element' is visible

2019-11-12 10:59:43 - [MESSAGE][PASSED] - Object 'Object Repository/Waiters/WaitButton_Element' is visible

2019-11-12 10:59:43 - [TEST_STEP][PASSED] - waitForElementClickable(findTestObject(waitButton), 20): Object 'Object Repository/Waiters/WaitButton_Element' is clickable

2019-11-12 10:59:43 - [MESSAGE][PASSED] - Object 'Object Repository/Waiters/WaitButton_Element' is clickable

2019-11-12 10:59:43 - [TEST_STEP][PASSED] - delay(1): Delayed 1 second(s)

2019-11-12 10:59:44 - [MESSAGE][PASSED] - Delayed 1 second(s)

2019-11-12 10:59:44 - [TEST_STEP][PASSED] - linkers.Link_SD_FLOW_VENDOR.offer(): linkers.Link_SD_FLOW_VENDOR.offer is PASSED

2019-11-12 10:59:47 - [MESSAGE][PASSED] - linkers.Link_SD_FLOW_VENDOR.offer is PASSED

2019-11-12 10:59:47 - [TEST_STEP][PASSED] - waitForElementNotVisible(findTestObject(waitLoad), 20): Object 'Object Repository/Waiters/WaitLoadingAnim_Element' is NOT visible

2019-11-12 10:59:49 - [MESSAGE][PASSED] - Object 'Object Repository/Waiters/WaitLoadingAnim_Element' is NOT visible

2019-11-12 10:59:49 - [TEST_STEP][PASSED] - waitForElementVisible(findTestObject(waitClient), 20): Object 'Object Repository/OF/Status Sale Confirmation/Client/input_Sale Offer_Client' is visible

2019-11-12 10:59:50 - [MESSAGE][PASSED] - Object 'Object Repository/OF/Status Sale Confirmation/Client/input_Sale Offer_Client' is visible

2019-11-12 10:59:50 - [TEST_STEP][PASSED] - waitForElementClickable(findTestObject(waitClient), 20): Object 'Object Repository/OF/Status Sale Confirmation/Client/input_Sale Offer_Client' is clickable

2019-11-12 10:59:51 - [MESSAGE][PASSED] - Object 'Object Repository/OF/Status Sale Confirmation/Client/input_Sale Offer_Client' is clickable

2019-11-12 10:59:51 - [TEST_STEP][PASSED] - click(findTestObject(waitClient)): Object: 'Object Repository/OF/Status Sale Confirmation/Client/input_Sale Offer_Client' is clicked on

2019-11-12 10:59:51 - [MESSAGE][PASSED] - Object: 'Object Repository/OF/Status Sale Confirmation/Client/input_Sale Offer_Client' is clicked on]]></system-out>
         <system-err><![CDATA[]]></system-err>
      </testcase>
      <testcase name="Test Cases/SD FLOW/SD FLOW IDless/SD FLOW_Offer_Archive" time="7.461" classname="Test Cases/SD FLOW/SD FLOW IDless/SD FLOW_Offer_Archive" status="PASSED">
         <system-out><![CDATA[2019-11-12 10:59:51 - [TEST_CASE][PASSED] - Test Cases/SD FLOW/SD FLOW IDless/SD FLOW_Offer_Archive: Test Cases/SD FLOW/SD FLOW IDless/SD FLOW_Offer_Archive

2019-11-12 10:59:52 - [TEST_STEP][PASSED] - waitLoad = "Waiters/WaitLoadingAnim_Element": null

2019-11-12 10:59:52 - [TEST_STEP][PASSED] - waitButton = "Waiters/WaitButton_Element": null

2019-11-12 10:59:52 - [TEST_STEP][PASSED] - waitForElementNotVisible(findTestObject(waitLoad), 20): Object 'Object Repository/Waiters/WaitLoadingAnim_Element' is NOT visible

2019-11-12 10:59:53 - [MESSAGE][PASSED] - Object 'Object Repository/Waiters/WaitLoadingAnim_Element' is NOT visible

2019-11-12 10:59:53 - [TEST_STEP][PASSED] - waitForElementVisible(findTestObject(waitButton), 20): Object 'Object Repository/Waiters/WaitButton_Element' is visible

2019-11-12 10:59:54 - [MESSAGE][PASSED] - Object 'Object Repository/Waiters/WaitButton_Element' is visible

2019-11-12 10:59:54 - [TEST_STEP][PASSED] - linkers.Link_SD_FLOW_VENDOR.offer(): linkers.Link_SD_FLOW_VENDOR.offer is PASSED

2019-11-12 10:59:57 - [MESSAGE][PASSED] - linkers.Link_SD_FLOW_VENDOR.offer is PASSED

2019-11-12 10:59:57 - [TEST_STEP][PASSED] - waitForElementNotVisible(findTestObject(waitLoad), 20): Object 'Object Repository/Waiters/WaitLoadingAnim_Element' is NOT visible

2019-11-12 10:59:59 - [MESSAGE][PASSED] - Object 'Object Repository/Waiters/WaitLoadingAnim_Element' is NOT visible

2019-11-12 10:59:59 - [TEST_STEP][PASSED] - click(findTestObject("OF/Status Archiving/input_Sale_Offer_Close")): Object: 'Object Repository/OF/Status Archiving/input_Sale_Offer_Close' is clicked on

2019-11-12 10:59:59 - [MESSAGE][PASSED] - Object: 'Object Repository/OF/Status Archiving/input_Sale_Offer_Close' is clicked on]]></system-out>
         <system-err><![CDATA[]]></system-err>
      </testcase>
      <testcase name="Test Cases/SD FLOW/SD FLOW IDless/SD FLOW SaleOrder_from_WH" time="51.334" classname="Test Cases/SD FLOW/SD FLOW IDless/SD FLOW SaleOrder_from_WH" status="PASSED">
         <system-out><![CDATA[2019-11-12 10:59:59 - [TEST_CASE][PASSED] - Test Cases/SD FLOW/SD FLOW IDless/SD FLOW SaleOrder_from_WH: Test Cases/SD FLOW/SD FLOW IDless/SD FLOW SaleOrder_from_WH

2019-11-12 10:59:59 - [TEST_STEP][PASSED] - waitLoad = "Waiters/WaitLoadingAnim_Element": null

2019-11-12 10:59:59 - [TEST_STEP][PASSED] - waitButton = "Waiters/WaitButton_Element": null

2019-11-12 10:59:59 - [TEST_STEP][PASSED] - inProgress = "OR/Open-SendtoConfirm/input_Sale Order_Progress": null

2019-11-12 10:59:59 - [TEST_STEP][PASSED] - waitForElementNotVisible(findTestObject(waitLoad), 20): Object 'Object Repository/Waiters/WaitLoadingAnim_Element' is NOT visible

2019-11-12 11:00:02 - [MESSAGE][PASSED] - Object 'Object Repository/Waiters/WaitLoadingAnim_Element' is NOT visible

2019-11-12 11:00:02 - [TEST_STEP][PASSED] - waitForElementVisible(findTestObject(waitButton), 20): Object 'Object Repository/Waiters/WaitButton_Element' is visible

2019-11-12 11:00:02 - [MESSAGE][PASSED] - Object 'Object Repository/Waiters/WaitButton_Element' is visible

2019-11-12 11:00:02 - [TEST_STEP][PASSED] - waitForElementClickable(findTestObject(waitButton), 20): Object 'Object Repository/Waiters/WaitButton_Element' is clickable

2019-11-12 11:00:03 - [MESSAGE][PASSED] - Object 'Object Repository/Waiters/WaitButton_Element' is clickable

2019-11-12 11:00:03 - [TEST_STEP][PASSED] - delay(2): Delayed 2 second(s)

2019-11-12 11:00:05 - [MESSAGE][PASSED] - Delayed 2 second(s)

2019-11-12 11:00:05 - [TEST_STEP][PASSED] - linkers.Link_SD_FLOW_VENDOR.order(): linkers.Link_SD_FLOW_VENDOR.order is PASSED

2019-11-12 11:00:08 - [MESSAGE][PASSED] - linkers.Link_SD_FLOW_VENDOR.order is PASSED

2019-11-12 11:00:08 - [TEST_STEP][PASSED] - waitForElementNotVisible(findTestObject(waitLoad), 20): Object 'Object Repository/Waiters/WaitLoadingAnim_Element' is NOT visible

2019-11-12 11:00:10 - [MESSAGE][PASSED] - Object 'Object Repository/Waiters/WaitLoadingAnim_Element' is NOT visible

2019-11-12 11:00:10 - [TEST_STEP][PASSED] - waitForElementVisible(findTestObject(inProgress), 20): Object 'Object Repository/OR/Open-SendtoConfirm/input_Sale Order_Progress' is visible

2019-11-12 11:00:10 - [MESSAGE][PASSED] - Object 'Object Repository/OR/Open-SendtoConfirm/input_Sale Order_Progress' is visible

2019-11-12 11:00:10 - [TEST_STEP][PASSED] - waitForElementClickable(findTestObject(inProgress), 20): Object 'Object Repository/OR/Open-SendtoConfirm/input_Sale Order_Progress' is clickable

2019-11-12 11:00:11 - [MESSAGE][PASSED] - Object 'Object Repository/OR/Open-SendtoConfirm/input_Sale Order_Progress' is clickable

2019-11-12 11:00:11 - [TEST_STEP][PASSED] - click(findTestObject(inProgress)): Object: 'Object Repository/OR/Open-SendtoConfirm/input_Sale Order_Progress' is clicked on

2019-11-12 11:00:11 - [MESSAGE][PASSED] - Object: 'Object Repository/OR/Open-SendtoConfirm/input_Sale Order_Progress' is clicked on

2019-11-12 11:00:11 - [TEST_STEP][PASSED] - waitForElementNotVisible(findTestObject(waitLoad), 20): Object 'Object Repository/Waiters/WaitLoadingAnim_Element' is NOT visible

2019-11-12 11:00:14 - [MESSAGE][PASSED] - Object 'Object Repository/Waiters/WaitLoadingAnim_Element' is NOT visible

2019-11-12 11:00:14 - [TEST_STEP][PASSED] - click(findTestObject("OR/Open-SendtoConfirm/button_Check Warehouse")): Object: 'Object Repository/OR/Open-SendtoConfirm/button_Check Warehouse' is clicked on

2019-11-12 11:00:14 - [MESSAGE][PASSED] - Object: 'Object Repository/OR/Open-SendtoConfirm/button_Check Warehouse' is clicked on

2019-11-12 11:00:14 - [TEST_STEP][PASSED] - ammount = getText(findTestObject("OR/Open-SendtoConfirm/td_ammount")): Text of object 'Object Repository/OR/Open-SendtoConfirm/td_ammount' is: '10'

2019-11-12 11:00:15 - [MESSAGE][PASSED] - Text of object 'Object Repository/OR/Open-SendtoConfirm/td_ammount' is: '10'

2019-11-12 11:00:15 - [TEST_STEP][PASSED] - orderAmmount = String.valueOf(ammount): null

2019-11-12 11:00:15 - [TEST_STEP][PASSED] - println("Client ordered: " + orderAmmount): null

2019-11-12 11:00:15 - [TEST_STEP][PASSED] - setText(findTestObject("OR/Open-SendtoConfirm/input_whQtty"), orderAmmount): Text '10' is set on object 'Object Repository/OR/Open-SendtoConfirm/input_whQtty'

2019-11-12 11:00:16 - [MESSAGE][PASSED] - Text '10' is set on object 'Object Repository/OR/Open-SendtoConfirm/input_whQtty'

2019-11-12 11:00:16 - [TEST_STEP][PASSED] - click(findTestObject("OR/Open-SendtoConfirm/button_UpdateIDless")): Object: 'Object Repository/OR/Open-SendtoConfirm/button_UpdateIDless' is clicked on

2019-11-12 11:00:17 - [MESSAGE][PASSED] - Object: 'Object Repository/OR/Open-SendtoConfirm/button_UpdateIDless' is clicked on

2019-11-12 11:00:17 - [TEST_STEP][NOT_RUN] - selectOptionByIndex(findTestObject("OR/Open-SendtoConfirm/select_Activation"), 1): NOT_RUN: selectOptionByIndex(findTestObject("OR/Open-SendtoConfirm/select_Activation"), 1)

2019-11-12 11:00:17 - [MESSAGE][NOT_RUN] - NOT_RUN: selectOptionByIndex(findTestObject("OR/Open-SendtoConfirm/select_Activation"), 1)

2019-11-12 11:00:17 - [TEST_STEP][NOT_RUN] - selectOptionByLabel(findTestObject("OR/Open-SendtoConfirm/select_OrderTo"), findTestData("Provider Company").getValue(2, 1), false): NOT_RUN: selectOptionByLabel(findTestObject("OR/Open-SendtoConfirm/select_OrderTo"), findTestData("Provider Company").getValue(2, 1), false)

2019-11-12 11:00:17 - [MESSAGE][NOT_RUN] - NOT_RUN: selectOptionByLabel(findTestObject("OR/Open-SendtoConfirm/select_OrderTo"), findTestData("Provider Company").getValue(2, 1), false)

2019-11-12 11:00:17 - [TEST_STEP][PASSED] - dateFutureWEeek = dates.DateGenerate.dateWeek(): dates.DateGenerate.dateWeek is PASSED

2019-11-12 11:00:17 - [MESSAGE][PASSED] - dates.DateGenerate.dateWeek is PASSED

2019-11-12 11:00:17 - [TEST_STEP][PASSED] - setText(findTestObject("OR/Open-SendtoConfirm/input_Deadline"), dateFutureWEeek): Text '2019-11-19' is set on object 'Object Repository/OR/Open-SendtoConfirm/input_Deadline'

2019-11-12 11:00:18 - [MESSAGE][PASSED] - Text '2019-11-19' is set on object 'Object Repository/OR/Open-SendtoConfirm/input_Deadline'

2019-11-12 11:00:18 - [TEST_STEP][NOT_RUN] - click(findTestObject("OR/Open-SendtoConfirm/div_Save_scrollToTopModal"), 5): NOT_RUN: click(findTestObject("OR/Open-SendtoConfirm/div_Save_scrollToTopModal"), 5)

2019-11-12 11:00:18 - [MESSAGE][NOT_RUN] - NOT_RUN: click(findTestObject("OR/Open-SendtoConfirm/div_Save_scrollToTopModal"), 5)

2019-11-12 11:00:18 - [TEST_STEP][PASSED] - waitForElementVisible(findTestObject("OR/Open-SendtoConfirm/input_Sale Order_SendForConfirmation"), 20): Object 'Object Repository/OR/Open-SendtoConfirm/input_Sale Order_SendForConfirmation' is visible

2019-11-12 11:00:19 - [MESSAGE][PASSED] - Object 'Object Repository/OR/Open-SendtoConfirm/input_Sale Order_SendForConfirmation' is visible

2019-11-12 11:00:19 - [TEST_STEP][PASSED] - waitForElementClickable(findTestObject("OR/Open-SendtoConfirm/input_Sale Order_SendForConfirmation"), 20): Object 'Object Repository/OR/Open-SendtoConfirm/input_Sale Order_SendForConfirmation' is clickable

2019-11-12 11:00:19 - [MESSAGE][PASSED] - Object 'Object Repository/OR/Open-SendtoConfirm/input_Sale Order_SendForConfirmation' is clickable

2019-11-12 11:00:19 - [TEST_STEP][PASSED] - click(findTestObject("OR/Open-SendtoConfirm/input_Sale Order_SendForConfirmation")): Object: 'Object Repository/OR/Open-SendtoConfirm/input_Sale Order_SendForConfirmation' is clicked on

2019-11-12 11:00:20 - [MESSAGE][PASSED] - Object: 'Object Repository/OR/Open-SendtoConfirm/input_Sale Order_SendForConfirmation' is clicked on

2019-11-12 11:00:20 - [TEST_STEP][PASSED] - waitForElementNotVisible(findTestObject(waitLoad), 20): Object 'Object Repository/Waiters/WaitLoadingAnim_Element' is NOT visible

2019-11-12 11:00:22 - [MESSAGE][PASSED] - Object 'Object Repository/Waiters/WaitLoadingAnim_Element' is NOT visible

2019-11-12 11:00:22 - [TEST_STEP][PASSED] - waitForElementVisible(findTestObject(waitButton), 20): Object 'Object Repository/Waiters/WaitButton_Element' is visible

2019-11-12 11:00:22 - [MESSAGE][PASSED] - Object 'Object Repository/Waiters/WaitButton_Element' is visible

2019-11-12 11:00:22 - [TEST_STEP][PASSED] - waitForElementClickable(findTestObject(waitButton), 20): Object 'Object Repository/Waiters/WaitButton_Element' is clickable

2019-11-12 11:00:23 - [MESSAGE][PASSED] - Object 'Object Repository/Waiters/WaitButton_Element' is clickable

2019-11-12 11:00:23 - [TEST_STEP][PASSED] - delay(2): Delayed 2 second(s)

2019-11-12 11:00:25 - [MESSAGE][PASSED] - Delayed 2 second(s)

2019-11-12 11:00:25 - [TEST_STEP][PASSED] - linkers.Link_SD_FLOW_VENDOR.order(): linkers.Link_SD_FLOW_VENDOR.order is PASSED

2019-11-12 11:00:27 - [MESSAGE][PASSED] - linkers.Link_SD_FLOW_VENDOR.order is PASSED

2019-11-12 11:00:27 - [TEST_STEP][PASSED] - waitForElementNotVisible(findTestObject(waitLoad), 20): Object 'Object Repository/Waiters/WaitLoadingAnim_Element' is NOT visible

2019-11-12 11:00:29 - [MESSAGE][PASSED] - Object 'Object Repository/Waiters/WaitLoadingAnim_Element' is NOT visible

2019-11-12 11:00:29 - [TEST_STEP][PASSED] - waitForElementVisible(findTestObject("OR/OR Confirm/input_Sale Order_FirstConfirm"), 20): Object 'Object Repository/OR/OR Confirm/input_Sale Order_FirstConfirm' is visible

2019-11-12 11:00:29 - [MESSAGE][PASSED] - Object 'Object Repository/OR/OR Confirm/input_Sale Order_FirstConfirm' is visible

2019-11-12 11:00:29 - [TEST_STEP][PASSED] - waitForElementClickable(findTestObject("OR/OR Confirm/input_Sale Order_FirstConfirm"), 20): Object 'Object Repository/OR/OR Confirm/input_Sale Order_FirstConfirm' is clickable

2019-11-12 11:00:30 - [MESSAGE][PASSED] - Object 'Object Repository/OR/OR Confirm/input_Sale Order_FirstConfirm' is clickable

2019-11-12 11:00:30 - [TEST_STEP][PASSED] - click(findTestObject("OR/OR Confirm/input_Sale Order_FirstConfirm")): Object: 'Object Repository/OR/OR Confirm/input_Sale Order_FirstConfirm' is clicked on

2019-11-12 11:00:30 - [MESSAGE][PASSED] - Object: 'Object Repository/OR/OR Confirm/input_Sale Order_FirstConfirm' is clicked on

2019-11-12 11:00:30 - [TEST_STEP][PASSED] - waitForElementNotVisible(findTestObject(waitLoad), 20): Object 'Object Repository/Waiters/WaitLoadingAnim_Element' is NOT visible

2019-11-12 11:00:33 - [MESSAGE][PASSED] - Object 'Object Repository/Waiters/WaitLoadingAnim_Element' is NOT visible

2019-11-12 11:00:33 - [TEST_STEP][PASSED] - waitForElementVisible(findTestObject(waitButton), 20): Object 'Object Repository/Waiters/WaitButton_Element' is visible

2019-11-12 11:00:33 - [MESSAGE][PASSED] - Object 'Object Repository/Waiters/WaitButton_Element' is visible

2019-11-12 11:00:33 - [TEST_STEP][PASSED] - waitForElementClickable(findTestObject(waitButton), 20): Object 'Object Repository/Waiters/WaitButton_Element' is clickable

2019-11-12 11:00:34 - [MESSAGE][PASSED] - Object 'Object Repository/Waiters/WaitButton_Element' is clickable

2019-11-12 11:00:34 - [TEST_STEP][PASSED] - linkers.Link_SD_FLOW_VENDOR.order(): linkers.Link_SD_FLOW_VENDOR.order is PASSED

2019-11-12 11:00:36 - [MESSAGE][PASSED] - linkers.Link_SD_FLOW_VENDOR.order is PASSED

2019-11-12 11:00:36 - [TEST_STEP][PASSED] - waitForElementNotVisible(findTestObject(waitLoad), 20): Object 'Object Repository/Waiters/WaitLoadingAnim_Element' is NOT visible

2019-11-12 11:00:38 - [MESSAGE][PASSED] - Object 'Object Repository/Waiters/WaitLoadingAnim_Element' is NOT visible

2019-11-12 11:00:38 - [TEST_STEP][PASSED] - waitForElementVisible(findTestObject("OR/OR Confirm/input_Sale Order_SendOrder"), 20): Object 'Object Repository/OR/OR Confirm/input_Sale Order_SendOrder' is visible

2019-11-12 11:00:38 - [MESSAGE][PASSED] - Object 'Object Repository/OR/OR Confirm/input_Sale Order_SendOrder' is visible

2019-11-12 11:00:38 - [TEST_STEP][PASSED] - waitForElementClickable(findTestObject("OR/OR Confirm/input_Sale Order_SendOrder"), 20): Object 'Object Repository/OR/OR Confirm/input_Sale Order_SendOrder' is clickable

2019-11-12 11:00:39 - [MESSAGE][PASSED] - Object 'Object Repository/OR/OR Confirm/input_Sale Order_SendOrder' is clickable

2019-11-12 11:00:39 - [TEST_STEP][PASSED] - click(findTestObject("OR/OR Confirm/input_Sale Order_SendOrder")): Object: 'Object Repository/OR/OR Confirm/input_Sale Order_SendOrder' is clicked on

2019-11-12 11:00:39 - [MESSAGE][PASSED] - Object: 'Object Repository/OR/OR Confirm/input_Sale Order_SendOrder' is clicked on

2019-11-12 11:00:39 - [TEST_STEP][PASSED] - waitForElementNotVisible(findTestObject(waitLoad), 20): Object 'Object Repository/Waiters/WaitLoadingAnim_Element' is NOT visible

2019-11-12 11:00:41 - [MESSAGE][PASSED] - Object 'Object Repository/Waiters/WaitLoadingAnim_Element' is NOT visible

2019-11-12 11:00:41 - [TEST_STEP][PASSED] - waitForElementVisible(findTestObject(waitButton), 20): Object 'Object Repository/Waiters/WaitButton_Element' is visible

2019-11-12 11:00:42 - [MESSAGE][PASSED] - Object 'Object Repository/Waiters/WaitButton_Element' is visible

2019-11-12 11:00:42 - [TEST_STEP][PASSED] - waitForElementClickable(findTestObject(waitButton), 20): Object 'Object Repository/Waiters/WaitButton_Element' is clickable

2019-11-12 11:00:42 - [MESSAGE][PASSED] - Object 'Object Repository/Waiters/WaitButton_Element' is clickable

2019-11-12 11:00:42 - [TEST_STEP][PASSED] - linkers.Link_SD_FLOW_VENDOR.order(): linkers.Link_SD_FLOW_VENDOR.order is PASSED

2019-11-12 11:00:45 - [MESSAGE][PASSED] - linkers.Link_SD_FLOW_VENDOR.order is PASSED

2019-11-12 11:00:45 - [TEST_STEP][PASSED] - waitForElementNotVisible(findTestObject(waitLoad), 20): Object 'Object Repository/Waiters/WaitLoadingAnim_Element' is NOT visible

2019-11-12 11:00:46 - [MESSAGE][PASSED] - Object 'Object Repository/Waiters/WaitLoadingAnim_Element' is NOT visible

2019-11-12 11:00:46 - [TEST_STEP][PASSED] - waitForElementVisible(findTestObject("OR/OR Confirm/input_Sale Order_Close"), 20): Object 'Object Repository/OR/OR Confirm/input_Sale Order_Close' is visible

2019-11-12 11:00:47 - [MESSAGE][PASSED] - Object 'Object Repository/OR/OR Confirm/input_Sale Order_Close' is visible

2019-11-12 11:00:47 - [TEST_STEP][PASSED] - waitForElementClickable(findTestObject("OR/OR Confirm/input_Sale Order_Close"), 20): Object 'Object Repository/OR/OR Confirm/input_Sale Order_Close' is clickable

2019-11-12 11:00:47 - [MESSAGE][PASSED] - Object 'Object Repository/OR/OR Confirm/input_Sale Order_Close' is clickable

2019-11-12 11:00:47 - [TEST_STEP][PASSED] - click(findTestObject("OR/OR Confirm/input_Sale Order_Close")): Object: 'Object Repository/OR/OR Confirm/input_Sale Order_Close' is clicked on

2019-11-12 11:00:48 - [MESSAGE][PASSED] - Object: 'Object Repository/OR/OR Confirm/input_Sale Order_Close' is clicked on

2019-11-12 11:00:48 - [TEST_STEP][PASSED] - waitForElementNotVisible(findTestObject(waitLoad), 20): Object 'Object Repository/Waiters/WaitLoadingAnim_Element' is NOT visible

2019-11-12 11:00:50 - [MESSAGE][PASSED] - Object 'Object Repository/Waiters/WaitLoadingAnim_Element' is NOT visible]]></system-out>
         <system-err><![CDATA[]]></system-err>
      </testcase>
      <testcase name="Test Cases/SD FLOW/SD FLOW IDless/SD FLOW_BR__BI" time="24.927" classname="Test Cases/SD FLOW/SD FLOW IDless/SD FLOW_BR__BI" status="PASSED">
         <system-out><![CDATA[2019-11-12 11:00:50 - [TEST_CASE][PASSED] - Test Cases/SD FLOW/SD FLOW IDless/SD FLOW_BR__BI: Test Cases/SD FLOW/SD FLOW IDless/SD FLOW_BR__BI

2019-11-12 11:00:51 - [TEST_STEP][PASSED] - waitLoad = "Waiters/WaitLoadingAnim_Element": null

2019-11-12 11:00:51 - [TEST_STEP][PASSED] - waitButton = "Waiters/WaitBRButton_Element": null

2019-11-12 11:00:51 - [TEST_STEP][PASSED] - driver = getWebDriver(): null

2019-11-12 11:00:51 - [TEST_STEP][PASSED] - waitForElementNotVisible(findTestObject(waitLoad), 20): Object 'Object Repository/Waiters/WaitLoadingAnim_Element' is NOT visible

2019-11-12 11:00:51 - [MESSAGE][PASSED] - Object 'Object Repository/Waiters/WaitLoadingAnim_Element' is NOT visible

2019-11-12 11:00:51 - [TEST_STEP][PASSED] - scrollToPosition(0, 0): Browser is scrolled to position x = 0, y = 0

2019-11-12 11:00:51 - [MESSAGE][PASSED] - Browser is scrolled to position x = 0, y = 0

2019-11-12 11:00:51 - [TEST_STEP][PASSED] - waitForElementNotVisible(findTestObject(waitLoad), 20): Object 'Object Repository/Waiters/WaitLoadingAnim_Element' is NOT visible

2019-11-12 11:00:52 - [MESSAGE][PASSED] - Object 'Object Repository/Waiters/WaitLoadingAnim_Element' is NOT visible

2019-11-12 11:00:52 - [TEST_STEP][PASSED] - plus = xpath(" /html/body/div[4]/div[3]/div/div/ul[29]/li/div/button/b")).click(): null

2019-11-12 11:00:52 - [TEST_STEP][PASSED] - waitForElementVisible(findTestObject("Waiters/WaitBillingReq_Element"), 20): Object 'Object Repository/Waiters/WaitBillingReq_Element' is visible

2019-11-12 11:00:53 - [MESSAGE][PASSED] - Object 'Object Repository/Waiters/WaitBillingReq_Element' is visible

2019-11-12 11:00:53 - [TEST_STEP][PASSED] - billing = xpath("/html/body/div[4]/div[3]/div/div/ul[29]/li/ul/li[1]/div/a")).click(): null

2019-11-12 11:00:54 - [TEST_STEP][PASSED] - waitForElementNotVisible(findTestObject(waitLoad), 20): Object 'Object Repository/Waiters/WaitLoadingAnim_Element' is NOT visible

2019-11-12 11:00:56 - [MESSAGE][PASSED] - Object 'Object Repository/Waiters/WaitLoadingAnim_Element' is NOT visible

2019-11-12 11:00:56 - [TEST_STEP][PASSED] - waitForElementVisible(findTestObject(waitButton), 20): Object 'Object Repository/Waiters/WaitBRButton_Element' is visible

2019-11-12 11:00:57 - [MESSAGE][PASSED] - Object 'Object Repository/Waiters/WaitBRButton_Element' is visible

2019-11-12 11:00:57 - [TEST_STEP][PASSED] - linkers.Link_SD_FLOW_VENDOR.billing_request(): linkers.Link_SD_FLOW_VENDOR.billing_request is PASSED

2019-11-12 11:00:59 - [MESSAGE][PASSED] - linkers.Link_SD_FLOW_VENDOR.billing_request is PASSED

2019-11-12 11:00:59 - [TEST_STEP][PASSED] - waitForElementNotVisible(findTestObject(waitLoad), 20, CONTINUE_ON_FAILURE): Object 'Object Repository/Waiters/WaitLoadingAnim_Element' is NOT visible

2019-11-12 11:00:59 - [MESSAGE][PASSED] - Object 'Object Repository/Waiters/WaitLoadingAnim_Element' is NOT visible

2019-11-12 11:00:59 - [TEST_STEP][PASSED] - waitForElementVisible(findTestObject("Waiters/WaitBRCheckbox_Element"), 20): Object 'Object Repository/Waiters/WaitBRCheckbox_Element' is visible

2019-11-12 11:01:00 - [MESSAGE][PASSED] - Object 'Object Repository/Waiters/WaitBRCheckbox_Element' is visible

2019-11-12 11:01:00 - [TEST_STEP][PASSED] - selectOptionByLabel(findTestObject("BR/select_Generate Billing"), findTestData("DropDowns").getValue(8, 1), false): All options with label 'Generate Billing' are selected in object 'Object Repository/BR/select_Generate Billing' 

2019-11-12 11:01:01 - [MESSAGE][PASSED] - All options with label 'Generate Billing' are selected in object 'Object Repository/BR/select_Generate Billing' 

2019-11-12 11:01:01 - [TEST_STEP][PASSED] - click(findTestObject("BR/input_InProgress")): Object: 'Object Repository/BR/input_InProgress' is clicked on

2019-11-12 11:01:02 - [MESSAGE][PASSED] - Object: 'Object Repository/BR/input_InProgress' is clicked on

2019-11-12 11:01:02 - [TEST_STEP][PASSED] - waitForElementNotVisible(findTestObject(waitLoad), 20): Object 'Object Repository/Waiters/WaitLoadingAnim_Element' is NOT visible

2019-11-12 11:01:04 - [MESSAGE][PASSED] - Object 'Object Repository/Waiters/WaitLoadingAnim_Element' is NOT visible

2019-11-12 11:01:04 - [TEST_STEP][PASSED] - setText(findTestObject("BI/input__form_invoiceNR"), String.valueOf(Math.abs(Random().nextInt() % 9999) + 1)): Text '6504' is set on object 'Object Repository/BI/input__form_invoiceNR'

2019-11-12 11:01:05 - [MESSAGE][PASSED] - Text '6504' is set on object 'Object Repository/BI/input__form_invoiceNR'

2019-11-12 11:01:05 - [TEST_STEP][PASSED] - dateNow = dates.DateGenerate.date(): dates.DateGenerate.date is PASSED

2019-11-12 11:01:05 - [MESSAGE][PASSED] - dates.DateGenerate.date is PASSED

2019-11-12 11:01:05 - [TEST_STEP][PASSED] - setText(findTestObject("BI/input__form_DATE"), dateNow): Text '2019-11-12' is set on object 'Object Repository/BI/input__form_DATE'

2019-11-12 11:01:06 - [MESSAGE][PASSED] - Text '2019-11-12' is set on object 'Object Repository/BI/input__form_DATE'

2019-11-12 11:01:06 - [TEST_STEP][PASSED] - setText(findTestObject("BI/input_Payment Due Date (first month)"), dateNow, CONTINUE_ON_FAILURE): Text '2019-11-12' is set on object 'Object Repository/BI/input_Payment Due Date (first month)'

2019-11-12 11:01:07 - [MESSAGE][PASSED] - Text '2019-11-12' is set on object 'Object Repository/BI/input_Payment Due Date (first month)'

2019-11-12 11:01:07 - [TEST_STEP][PASSED] - selectOptionByLabel(findTestObject("BI/select_incomeType"), "Sales Incomes", false): All options with label 'Sales Incomes' are selected in object 'Object Repository/BI/select_incomeType' 

2019-11-12 11:01:08 - [MESSAGE][PASSED] - All options with label 'Sales Incomes' are selected in object 'Object Repository/BI/select_incomeType' 

2019-11-12 11:01:08 - [TEST_STEP][PASSED] - selectOptionByLabel(findTestObject("BI/select_transactionDetails"), "Advance Sales", false): All options with label 'Advance Sales' are selected in object 'Object Repository/BI/select_transactionDetails' 

2019-11-12 11:01:09 - [MESSAGE][PASSED] - All options with label 'Advance Sales' are selected in object 'Object Repository/BI/select_transactionDetails' 

2019-11-12 11:01:09 - [TEST_STEP][PASSED] - selectOptionByLabel(findTestObject("BI/select_cashBox"), "ING Bank", false): All options with label 'ING Bank' are selected in object 'Object Repository/BI/select_cashBox' 

2019-11-12 11:01:10 - [MESSAGE][PASSED] - All options with label 'ING Bank' are selected in object 'Object Repository/BI/select_cashBox' 

2019-11-12 11:01:10 - [TEST_STEP][PASSED] - selectOptionByLabel(findTestObject("BI/select_documentType"), "Receipt", false): All options with label 'Receipt' are selected in object 'Object Repository/BI/select_documentType' 

2019-11-12 11:01:11 - [MESSAGE][PASSED] - All options with label 'Receipt' are selected in object 'Object Repository/BI/select_documentType' 

2019-11-12 11:01:11 - [TEST_STEP][PASSED] - selectOptionByLabel(findTestObject("BI/select_paymentMethod"), "Bank Transfer", false): All options with label 'Bank Transfer' are selected in object 'Object Repository/BI/select_paymentMethod' 

2019-11-12 11:01:12 - [MESSAGE][PASSED] - All options with label 'Bank Transfer' are selected in object 'Object Repository/BI/select_paymentMethod' 

2019-11-12 11:01:12 - [TEST_STEP][PASSED] - selectOptionByLabel(findTestObject("BI/select_accountingDivision"), "Sales Romania Division", false): All options with label 'Sales Romania Division' are selected in object 'Object Repository/BI/select_accountingDivision' 

2019-11-12 11:01:13 - [MESSAGE][PASSED] - All options with label 'Sales Romania Division' are selected in object 'Object Repository/BI/select_accountingDivision' 

2019-11-12 11:01:13 - [TEST_STEP][PASSED] - click(findTestObject("BI/input_Billing")): Object: 'Object Repository/BI/input_Billing' is clicked on

2019-11-12 11:01:14 - [MESSAGE][PASSED] - Object: 'Object Repository/BI/input_Billing' is clicked on

2019-11-12 11:01:14 - [TEST_STEP][PASSED] - waitForElementNotVisible(findTestObject(waitLoad), 20): Object 'Object Repository/Waiters/WaitLoadingAnim_Element' is NOT visible

2019-11-12 11:01:15 - [MESSAGE][PASSED] - Object 'Object Repository/Waiters/WaitLoadingAnim_Element' is NOT visible

2019-11-12 11:01:15 - [TEST_STEP][PASSED] - driverMD = getWebDriver(): null

2019-11-12 11:01:15 - [TEST_STEP][PASSED] - mainDashboard = xpath("/html/body/div[4]/div[3]/div/div/ul[7]/li/div/a")).click(): null]]></system-out>
         <system-err><![CDATA[]]></system-err>
      </testcase>
      <testcase name="Test Cases/SD FLOW/SD FLOW IDless/SD FLOW_RE" time="14.671" classname="Test Cases/SD FLOW/SD FLOW IDless/SD FLOW_RE" status="PASSED">
         <system-out><![CDATA[2019-11-12 11:01:15 - [TEST_CASE][PASSED] - Test Cases/SD FLOW/SD FLOW IDless/SD FLOW_RE: Test Cases/SD FLOW/SD FLOW IDless/SD FLOW_RE

2019-11-12 11:01:16 - [TEST_STEP][PASSED] - waitLoad = "/Waiters/WaitLoadingAnim_Element": null

2019-11-12 11:01:16 - [TEST_STEP][PASSED] - waitButton = "Waiters/WaitButton_Element": null

2019-11-12 11:01:16 - [TEST_STEP][PASSED] - waitForElementNotVisible(findTestObject(waitLoad), 20): Object 'Object Repository//Waiters/WaitLoadingAnim_Element' is NOT visible

2019-11-12 11:01:17 - [MESSAGE][PASSED] - Object 'Object Repository//Waiters/WaitLoadingAnim_Element' is NOT visible

2019-11-12 11:01:17 - [TEST_STEP][PASSED] - waitForElementClickable(findTestObject(waitButton), 20): Object 'Object Repository/Waiters/WaitButton_Element' is clickable

2019-11-12 11:01:18 - [MESSAGE][PASSED] - Object 'Object Repository/Waiters/WaitButton_Element' is clickable

2019-11-12 11:01:18 - [TEST_STEP][PASSED] - linkers.Link_SD_FLOW_VENDOR.receivables(): linkers.Link_SD_FLOW_VENDOR.receivables is PASSED

2019-11-12 11:01:20 - [MESSAGE][PASSED] - linkers.Link_SD_FLOW_VENDOR.receivables is PASSED

2019-11-12 11:01:20 - [TEST_STEP][PASSED] - waitForElementNotVisible(findTestObject(waitLoad), 10): Object 'Object Repository//Waiters/WaitLoadingAnim_Element' is NOT visible

2019-11-12 11:01:22 - [MESSAGE][PASSED] - Object 'Object Repository//Waiters/WaitLoadingAnim_Element' is NOT visible

2019-11-12 11:01:22 - [TEST_STEP][PASSED] - click(findTestObject("RE/input_Receivable_Start")): Object: 'Object Repository/RE/input_Receivable_Start' is clicked on

2019-11-12 11:01:22 - [MESSAGE][PASSED] - Object: 'Object Repository/RE/input_Receivable_Start' is clicked on

2019-11-12 11:01:22 - [TEST_STEP][PASSED] - waitForElementNotVisible(findTestObject(waitLoad), 10): Object 'Object Repository//Waiters/WaitLoadingAnim_Element' is NOT visible

2019-11-12 11:01:23 - [MESSAGE][PASSED] - Object 'Object Repository//Waiters/WaitLoadingAnim_Element' is NOT visible

2019-11-12 11:01:23 - [TEST_STEP][PASSED] - click(findTestObject("RE/input_Receivable_Entry")): Object: 'Object Repository/RE/input_Receivable_Entry' is clicked on

2019-11-12 11:01:24 - [MESSAGE][PASSED] - Object: 'Object Repository/RE/input_Receivable_Entry' is clicked on

2019-11-12 11:01:24 - [TEST_STEP][PASSED] - dateNow = dates.DateGenerate.date(): dates.DateGenerate.date is PASSED

2019-11-12 11:01:24 - [MESSAGE][PASSED] - dates.DateGenerate.date is PASSED

2019-11-12 11:01:24 - [TEST_STEP][PASSED] - setText(findTestObject("RE/input_Transaction Date"), dateNow): Text '2019-11-12' is set on object 'Object Repository/RE/input_Transaction Date'

2019-11-12 11:01:25 - [MESSAGE][PASSED] - Text '2019-11-12' is set on object 'Object Repository/RE/input_Transaction Date'

2019-11-12 11:01:25 - [TEST_STEP][PASSED] - amount = getText(findTestObject("RE/span_getText")): Text of object 'Object Repository/RE/span_getText' is: '2038.23'

2019-11-12 11:01:26 - [MESSAGE][PASSED] - Text of object 'Object Repository/RE/span_getText' is: '2038.23'

2019-11-12 11:01:26 - [TEST_STEP][PASSED] - currency = getText(findTestObject("RE/span_Currency")): Text of object 'Object Repository/RE/span_Currency' is: 'RON'

2019-11-12 11:01:26 - [MESSAGE][PASSED] - Text of object 'Object Repository/RE/span_Currency' is: 'RON'

2019-11-12 11:01:26 - [TEST_STEP][PASSED] - rate = getText(findTestObject("RE/input_ExchangeRate")): Text of object 'Object Repository/RE/input_ExchangeRate' is: ''

2019-11-12 11:01:27 - [MESSAGE][PASSED] - Text of object 'Object Repository/RE/input_ExchangeRate' is: ''

2019-11-12 11:01:27 - [TEST_STEP][PASSED] - println("Amout in " + amount + " Currency: " + currency + " At a rate of: " + rate): null

2019-11-12 11:01:27 - [TEST_STEP][PASSED] - setText(findTestObject("RE/input_Amount"), amount): Text '2038.23' is set on object 'Object Repository/RE/input_Amount'

2019-11-12 11:01:27 - [MESSAGE][PASSED] - Text '2038.23' is set on object 'Object Repository/RE/input_Amount'

2019-11-12 11:01:27 - [TEST_STEP][PASSED] - click(findTestObject("RE/input_Save")): Object: 'Object Repository/RE/input_Save' is clicked on

2019-11-12 11:01:28 - [MESSAGE][PASSED] - Object: 'Object Repository/RE/input_Save' is clicked on

2019-11-12 11:01:28 - [TEST_STEP][PASSED] - click(findTestObject("RE/input_Receivable_Close")): Object: 'Object Repository/RE/input_Receivable_Close' is clicked on

2019-11-12 11:01:30 - [MESSAGE][PASSED] - Object: 'Object Repository/RE/input_Receivable_Close' is clicked on]]></system-out>
         <system-err><![CDATA[]]></system-err>
      </testcase>
      <system-out><![CDATA[2019-11-12 10:57:49 - [TEST_SUITE][PASSED] - SD Flow ME-GR From Vendor with Advance: Test Cases/SD FLOW/SD FLOW IDless/SD FLOW_RE]]></system-out>
      <system-err><![CDATA[]]></system-err>
   </testsuite>
</testsuites>
