<?xml version="1.0" encoding="UTF-8"?>
<testsuites name="ID" time="120.02" tests="5" failures="0" errors="0">
   <testsuite name="ID" tests="5" failures="0" errors="0" time="120.02" timestamp="2019-11-14 17:02:52" hostname="daniel.donose - egt-danieldonose.egt.local" id="Test Suites/ID">
      <properties>
         <property name="deviceName" value=""/>
         <property name="devicePlatform" value=""/>
         <property name="logFolder" value="C:\\Users\\daniel.donose\\git\\GAS_V4\\Reports\\20191114_170249\\ID\\20191114_170249"/>
         <property name="logFiles" value="C:\\Users\\daniel.donose\\git\\GAS_V4\\Reports\\20191114_170249\\ID\\20191114_170249\\execution0.log"/>
         <property name="attachments" value=""/>
         <property name="hostName" value="daniel.donose - egt-danieldonose.egt.local"/>
         <property name="os" value="Windows 10 64bit"/>
         <property name="katalonVersion" value="7.0.3.1"/>
         <property name="dbServerInfo" value="PostgreSQL 9.6.10"/>
         <property name="browser" value="Chrome 78.0.3904.97"/>
         <property name="hostAddress" value="10.120.2.94"/>
         <property name="sessionId" value="6037f37afeb43fe49b79f6f438ac405f"/>
         <property name="seleniumVersion" value="3.141.59"/>
         <property name="proxyInformation" value="ProxyInformation{proxyOption=NO_PROXY, proxyServerType=HTTP, password=, proxyServerAddress=, proxyServerPort=0}"/>
         <property name="platform" value="Windows 10"/>
      </properties>
      <testcase name="Test Cases/Login/LoginAdmin" time="18.549" classname="Test Cases/Login/LoginAdmin" status="PASSED">
         <system-out><![CDATA[2019-11-14 17:02:52 - [TEST_CASE][PASSED] - Test Cases/Login/LoginAdmin: Test Cases/Login/LoginAdmin

2019-11-14 17:02:53 - [TEST_STEP][PASSED] - openBrowser(""): Browser is opened with url: ''

2019-11-14 17:02:54 - [MESSAGE][INFO] - Starting 'Chrome' driver

2019-11-14 17:02:54 - [MESSAGE][INFO] - Action delay is set to 0 seconds

2019-11-14 17:03:01 - [MESSAGE][PASSED] - Browser is opened with url: ''

2019-11-14 17:03:01 - [TEST_STEP][PASSED] - maximizeWindow(): Current window maximized

2019-11-14 17:03:05 - [MESSAGE][PASSED] - Current window maximized

2019-11-14 17:03:05 - [TEST_STEP][PASSED] - navigateToUrl(Web7TestEnv): Navigate to 'http://web7.egt-bg.ro:7955/?#!/' successfully

2019-11-14 17:03:09 - [MESSAGE][PASSED] - Navigate to 'http://web7.egt-bg.ro:7955/?#!/' successfully

2019-11-14 17:03:09 - [TEST_STEP][PASSED] - setText(findTestObject("Login/input_username"), "daniel.donose"): Text 'daniel.donose' is set on object 'Object Repository/Login/input_username'

2019-11-14 17:03:10 - [MESSAGE][PASSED] - Text 'daniel.donose' is set on object 'Object Repository/Login/input_username'

2019-11-14 17:03:10 - [TEST_STEP][PASSED] - setText(findTestObject("Login/input_password"), "11111sase"): Text '11111sase' is set on object 'Object Repository/Login/input_password'

2019-11-14 17:03:10 - [MESSAGE][PASSED] - Text '11111sase' is set on object 'Object Repository/Login/input_password'

2019-11-14 17:03:10 - [TEST_STEP][PASSED] - click(findTestObject("Login/button_Login")): Object: 'Object Repository/Login/button_Login' is clicked on

2019-11-14 17:03:11 - [MESSAGE][PASSED] - Object: 'Object Repository/Login/button_Login' is clicked on

2019-11-14 17:03:11 - [TEST_STEP][NOT_RUN] - callTestCase(findTestCase("DailyRates"), [:], STOP_ON_FAILURE): NOT_RUN: callTestCase(findTestCase("DailyRates"), [:], STOP_ON_FAILURE)

2019-11-14 17:03:11 - [MESSAGE][NOT_RUN] - NOT_RUN: callTestCase(findTestCase("DailyRates"), [:], STOP_ON_FAILURE)]]></system-out>
         <system-err><![CDATA[]]></system-err>
      </testcase>
      <testcase name="Test Cases/Manual Processes/ID" time="26.041" classname="Test Cases/Manual Processes/ID" status="PASSED">
         <system-out><![CDATA[2019-11-14 17:03:11 - [TEST_CASE][PASSED] - Test Cases/Manual Processes/ID: Test Cases/Manual Processes/ID

2019-11-14 17:03:11 - [TEST_STEP][PASSED] - waitForElementVisible(findTestObject("MainDashboard/Nav_Menu_Top/a_Warehouse"), 20): Object 'Object Repository/MainDashboard/Nav_Menu_Top/a_Warehouse' is visible

2019-11-14 17:03:18 - [MESSAGE][PASSED] - Object 'Object Repository/MainDashboard/Nav_Menu_Top/a_Warehouse' is visible

2019-11-14 17:03:18 - [TEST_STEP][PASSED] - mainDashboardSelections.Selectors.selectWHinboundAdd(): mainDashboardSelections.Selectors.selectWHinboundAdd is PASSED

2019-11-14 17:03:19 - [MESSAGE][PASSED] - Object: 'Object Repository/MainDashboard/Nav_Menu_Top/a_Warehouse' is clicked on

2019-11-14 17:03:19 - [MESSAGE][PASSED] - Object: 'Object Repository/MainDashboard/Nav_Menu_Top/Warehouse/a_Add Inbound Delivery' is clicked on

2019-11-14 17:03:19 - [MESSAGE][PASSED] - mainDashboardSelections.Selectors.selectWHinboundAdd is PASSED

2019-11-14 17:03:19 - [TEST_STEP][PASSED] - selectOptionByValue(findTestObject("ID/ID Manual/select_Prio"), "2", false): All options with value '2' are selected in object 'Object Repository/ID/ID Manual/select_Prio' 

2019-11-14 17:03:21 - [MESSAGE][PASSED] - All options with value '2' are selected in object 'Object Repository/ID/ID Manual/select_Prio' 

2019-11-14 17:03:21 - [TEST_STEP][PASSED] - selectOptionByLabel(findTestObject("ID/ID Manual/select_Wh"), findTestData("Warehouses").getValue(2, 6), false): All options with label 'WH Report' are selected in object 'Object Repository/ID/ID Manual/select_Wh' 

2019-11-14 17:03:22 - [MESSAGE][PASSED] - All options with label 'WH Report' are selected in object 'Object Repository/ID/ID Manual/select_Wh' 

2019-11-14 17:03:22 - [TEST_STEP][PASSED] - selectOptionByLabel(findTestObject("ID/ID Manual/select_Type"), "Provider Company", false): All options with label 'Provider Company' are selected in object 'Object Repository/ID/ID Manual/select_Type' 

2019-11-14 17:03:23 - [MESSAGE][PASSED] - All options with label 'Provider Company' are selected in object 'Object Repository/ID/ID Manual/select_Type' 

2019-11-14 17:03:23 - [TEST_STEP][PASSED] - click(findTestObject("ID/ID Manual/span_Select provider")): Object: 'Object Repository/ID/ID Manual/span_Select provider' is clicked on

2019-11-14 17:03:24 - [MESSAGE][PASSED] - Object: 'Object Repository/ID/ID Manual/span_Select provider' is clicked on

2019-11-14 17:03:24 - [TEST_STEP][PASSED] - setText(findTestObject("ID/ID Manual/input_Select provider"), findTestData("Provider Company").getValue(2, 1)): Text 'Edoardo Miroglio' is set on object 'Object Repository/ID/ID Manual/input_Select provider'

2019-11-14 17:03:25 - [MESSAGE][PASSED] - Text 'Edoardo Miroglio' is set on object 'Object Repository/ID/ID Manual/input_Select provider'

2019-11-14 17:03:25 - [TEST_STEP][PASSED] - sendKeys(findTestObject("ID/ID Manual/input_Select provider"), Keys.chord(ENTER)): Keys 'ENTER + ' sent to object: 'Object Repository/ID/ID Manual/input_Select provider'

2019-11-14 17:03:26 - [MESSAGE][PASSED] - Keys 'ENTER + ' sent to object: 'Object Repository/ID/ID Manual/input_Select provider'

2019-11-14 17:03:26 - [TEST_STEP][PASSED] - click(findTestObject("ID/ID Manual/span_Select client")): Object: 'Object Repository/ID/ID Manual/span_Select client' is clicked on

2019-11-14 17:03:27 - [MESSAGE][PASSED] - Object: 'Object Repository/ID/ID Manual/span_Select client' is clicked on

2019-11-14 17:03:27 - [TEST_STEP][PASSED] - setText(findTestObject("ID/ID Manual/input_Select client"), variable): Text 'MEGA IMAGE' is set on object 'Object Repository/ID/ID Manual/input_Select client'

2019-11-14 17:03:28 - [MESSAGE][PASSED] - Text 'MEGA IMAGE' is set on object 'Object Repository/ID/ID Manual/input_Select client'

2019-11-14 17:03:28 - [TEST_STEP][PASSED] - sendKeys(findTestObject("ID/ID Manual/input_Select client"), Keys.chord(ENTER)): Keys 'ENTER + ' sent to object: 'Object Repository/ID/ID Manual/input_Select client'

2019-11-14 17:03:29 - [MESSAGE][PASSED] - Keys 'ENTER + ' sent to object: 'Object Repository/ID/ID Manual/input_Select client'

2019-11-14 17:03:29 - [TEST_STEP][PASSED] - click(findTestObject("ID/ID Manual/span_Select_Material_ID")): Object: 'Object Repository/ID/ID Manual/span_Select_Material_ID' is clicked on

2019-11-14 17:03:30 - [MESSAGE][PASSED] - Object: 'Object Repository/ID/ID Manual/span_Select_Material_ID' is clicked on

2019-11-14 17:03:30 - [TEST_STEP][PASSED] - setText(findTestObject("ID/ID Manual/input_Material_ID"), findTestData("Materials").getValue(2, 1)): Text '400001' is set on object 'Object Repository/ID/ID Manual/input_Material_ID'

2019-11-14 17:03:31 - [MESSAGE][PASSED] - Text '400001' is set on object 'Object Repository/ID/ID Manual/input_Material_ID'

2019-11-14 17:03:31 - [TEST_STEP][PASSED] - sendKeys(findTestObject("ID/ID Manual/input_Material_ID"), Keys.chord(ENTER)): Keys 'ENTER + ' sent to object: 'Object Repository/ID/ID Manual/input_Material_ID'

2019-11-14 17:03:32 - [MESSAGE][PASSED] - Keys 'ENTER + ' sent to object: 'Object Repository/ID/ID Manual/input_Material_ID'

2019-11-14 17:03:32 - [TEST_STEP][PASSED] - setText(findTestObject("ID/ID Manual/input_Qtty"), "10"): Text '10' is set on object 'Object Repository/ID/ID Manual/input_Qtty'

2019-11-14 17:03:33 - [MESSAGE][PASSED] - Text '10' is set on object 'Object Repository/ID/ID Manual/input_Qtty'

2019-11-14 17:03:33 - [TEST_STEP][PASSED] - selectOptionByValue(findTestObject("ID/ID Manual/select_Reason"), "8", false): All options with value '8' are selected in object 'Object Repository/ID/ID Manual/select_Reason' 

2019-11-14 17:03:34 - [MESSAGE][PASSED] - All options with value '8' are selected in object 'Object Repository/ID/ID Manual/select_Reason' 

2019-11-14 17:03:34 - [TEST_STEP][PASSED] - selectOptionByValue(findTestObject("ID/ID Manual/select_Acquisition_Type"), "0", false): All options with value '0' are selected in object 'Object Repository/ID/ID Manual/select_Acquisition_Type' 

2019-11-14 17:03:35 - [MESSAGE][PASSED] - All options with value '0' are selected in object 'Object Repository/ID/ID Manual/select_Acquisition_Type' 

2019-11-14 17:03:35 - [TEST_STEP][PASSED] - setText(findTestObject("ID/ID Manual/textarea_Comments"), "This is MANUAL ID automated"): Text 'This is MANUAL ID automated' is set on object 'Object Repository/ID/ID Manual/textarea_Comments'

2019-11-14 17:03:36 - [MESSAGE][PASSED] - Text 'This is MANUAL ID automated' is set on object 'Object Repository/ID/ID Manual/textarea_Comments'

2019-11-14 17:03:36 - [TEST_STEP][PASSED] - click(findTestObject("ID/ID Manual/input_Inbound Delivery_Close")): Object: 'Object Repository/ID/ID Manual/input_Inbound Delivery_Close' is clicked on

2019-11-14 17:03:37 - [MESSAGE][PASSED] - Object: 'Object Repository/ID/ID Manual/input_Inbound Delivery_Close' is clicked on]]></system-out>
         <system-err><![CDATA[]]></system-err>
      </testcase>
      <testcase name="Test Cases/Manual Processes/ID" time="25.723" classname="Test Cases/Manual Processes/ID" status="PASSED">
         <system-out><![CDATA[2019-11-14 17:03:37 - [TEST_CASE][PASSED] - Test Cases/Manual Processes/ID: Test Cases/Manual Processes/ID

2019-11-14 17:03:37 - [TEST_STEP][PASSED] - waitForElementVisible(findTestObject("MainDashboard/Nav_Menu_Top/a_Warehouse"), 20): Object 'Object Repository/MainDashboard/Nav_Menu_Top/a_Warehouse' is visible

2019-11-14 17:03:42 - [MESSAGE][PASSED] - Object 'Object Repository/MainDashboard/Nav_Menu_Top/a_Warehouse' is visible

2019-11-14 17:03:42 - [TEST_STEP][PASSED] - mainDashboardSelections.Selectors.selectWHinboundAdd(): mainDashboardSelections.Selectors.selectWHinboundAdd is PASSED

2019-11-14 17:03:43 - [MESSAGE][PASSED] - Object: 'Object Repository/MainDashboard/Nav_Menu_Top/a_Warehouse' is clicked on

2019-11-14 17:03:43 - [MESSAGE][PASSED] - Object: 'Object Repository/MainDashboard/Nav_Menu_Top/Warehouse/a_Add Inbound Delivery' is clicked on

2019-11-14 17:03:43 - [MESSAGE][PASSED] - mainDashboardSelections.Selectors.selectWHinboundAdd is PASSED

2019-11-14 17:03:43 - [TEST_STEP][PASSED] - selectOptionByValue(findTestObject("ID/ID Manual/select_Prio"), "2", false): All options with value '2' are selected in object 'Object Repository/ID/ID Manual/select_Prio' 

2019-11-14 17:03:46 - [MESSAGE][PASSED] - All options with value '2' are selected in object 'Object Repository/ID/ID Manual/select_Prio' 

2019-11-14 17:03:46 - [TEST_STEP][PASSED] - selectOptionByLabel(findTestObject("ID/ID Manual/select_Wh"), findTestData("Warehouses").getValue(2, 6), false): All options with label 'WH Report' are selected in object 'Object Repository/ID/ID Manual/select_Wh' 

2019-11-14 17:03:47 - [MESSAGE][PASSED] - All options with label 'WH Report' are selected in object 'Object Repository/ID/ID Manual/select_Wh' 

2019-11-14 17:03:47 - [TEST_STEP][PASSED] - selectOptionByLabel(findTestObject("ID/ID Manual/select_Type"), "Provider Company", false): All options with label 'Provider Company' are selected in object 'Object Repository/ID/ID Manual/select_Type' 

2019-11-14 17:03:48 - [MESSAGE][PASSED] - All options with label 'Provider Company' are selected in object 'Object Repository/ID/ID Manual/select_Type' 

2019-11-14 17:03:48 - [TEST_STEP][PASSED] - click(findTestObject("ID/ID Manual/span_Select provider")): Object: 'Object Repository/ID/ID Manual/span_Select provider' is clicked on

2019-11-14 17:03:48 - [MESSAGE][PASSED] - Object: 'Object Repository/ID/ID Manual/span_Select provider' is clicked on

2019-11-14 17:03:48 - [TEST_STEP][PASSED] - setText(findTestObject("ID/ID Manual/input_Select provider"), findTestData("Provider Company").getValue(2, 1)): Text 'Edoardo Miroglio' is set on object 'Object Repository/ID/ID Manual/input_Select provider'

2019-11-14 17:03:50 - [MESSAGE][PASSED] - Text 'Edoardo Miroglio' is set on object 'Object Repository/ID/ID Manual/input_Select provider'

2019-11-14 17:03:50 - [TEST_STEP][PASSED] - sendKeys(findTestObject("ID/ID Manual/input_Select provider"), Keys.chord(ENTER)): Keys 'ENTER + ' sent to object: 'Object Repository/ID/ID Manual/input_Select provider'

2019-11-14 17:03:51 - [MESSAGE][PASSED] - Keys 'ENTER + ' sent to object: 'Object Repository/ID/ID Manual/input_Select provider'

2019-11-14 17:03:51 - [TEST_STEP][PASSED] - click(findTestObject("ID/ID Manual/span_Select client")): Object: 'Object Repository/ID/ID Manual/span_Select client' is clicked on

2019-11-14 17:03:52 - [MESSAGE][PASSED] - Object: 'Object Repository/ID/ID Manual/span_Select client' is clicked on

2019-11-14 17:03:52 - [TEST_STEP][PASSED] - setText(findTestObject("ID/ID Manual/input_Select client"), variable): Text 'METRO CASH & CARRY' is set on object 'Object Repository/ID/ID Manual/input_Select client'

2019-11-14 17:03:54 - [MESSAGE][PASSED] - Text 'METRO CASH & CARRY' is set on object 'Object Repository/ID/ID Manual/input_Select client'

2019-11-14 17:03:54 - [TEST_STEP][PASSED] - sendKeys(findTestObject("ID/ID Manual/input_Select client"), Keys.chord(ENTER)): Keys 'ENTER + ' sent to object: 'Object Repository/ID/ID Manual/input_Select client'

2019-11-14 17:03:55 - [MESSAGE][PASSED] - Keys 'ENTER + ' sent to object: 'Object Repository/ID/ID Manual/input_Select client'

2019-11-14 17:03:55 - [TEST_STEP][PASSED] - click(findTestObject("ID/ID Manual/span_Select_Material_ID")): Object: 'Object Repository/ID/ID Manual/span_Select_Material_ID' is clicked on

2019-11-14 17:03:56 - [MESSAGE][PASSED] - Object: 'Object Repository/ID/ID Manual/span_Select_Material_ID' is clicked on

2019-11-14 17:03:56 - [TEST_STEP][PASSED] - setText(findTestObject("ID/ID Manual/input_Material_ID"), findTestData("Materials").getValue(2, 1)): Text '400001' is set on object 'Object Repository/ID/ID Manual/input_Material_ID'

2019-11-14 17:03:57 - [MESSAGE][PASSED] - Text '400001' is set on object 'Object Repository/ID/ID Manual/input_Material_ID'

2019-11-14 17:03:57 - [TEST_STEP][PASSED] - sendKeys(findTestObject("ID/ID Manual/input_Material_ID"), Keys.chord(ENTER)): Keys 'ENTER + ' sent to object: 'Object Repository/ID/ID Manual/input_Material_ID'

2019-11-14 17:03:58 - [MESSAGE][PASSED] - Keys 'ENTER + ' sent to object: 'Object Repository/ID/ID Manual/input_Material_ID'

2019-11-14 17:03:58 - [TEST_STEP][PASSED] - setText(findTestObject("ID/ID Manual/input_Qtty"), "10"): Text '10' is set on object 'Object Repository/ID/ID Manual/input_Qtty'

2019-11-14 17:03:59 - [MESSAGE][PASSED] - Text '10' is set on object 'Object Repository/ID/ID Manual/input_Qtty'

2019-11-14 17:03:59 - [TEST_STEP][PASSED] - selectOptionByValue(findTestObject("ID/ID Manual/select_Reason"), "8", false): All options with value '8' are selected in object 'Object Repository/ID/ID Manual/select_Reason' 

2019-11-14 17:04:00 - [MESSAGE][PASSED] - All options with value '8' are selected in object 'Object Repository/ID/ID Manual/select_Reason' 

2019-11-14 17:04:00 - [TEST_STEP][PASSED] - selectOptionByValue(findTestObject("ID/ID Manual/select_Acquisition_Type"), "0", false): All options with value '0' are selected in object 'Object Repository/ID/ID Manual/select_Acquisition_Type' 

2019-11-14 17:04:01 - [MESSAGE][PASSED] - All options with value '0' are selected in object 'Object Repository/ID/ID Manual/select_Acquisition_Type' 

2019-11-14 17:04:01 - [TEST_STEP][PASSED] - setText(findTestObject("ID/ID Manual/textarea_Comments"), "This is MANUAL ID automated"): Text 'This is MANUAL ID automated' is set on object 'Object Repository/ID/ID Manual/textarea_Comments'

2019-11-14 17:04:02 - [MESSAGE][PASSED] - Text 'This is MANUAL ID automated' is set on object 'Object Repository/ID/ID Manual/textarea_Comments'

2019-11-14 17:04:02 - [TEST_STEP][PASSED] - click(findTestObject("ID/ID Manual/input_Inbound Delivery_Close")): Object: 'Object Repository/ID/ID Manual/input_Inbound Delivery_Close' is clicked on

2019-11-14 17:04:03 - [MESSAGE][PASSED] - Object: 'Object Repository/ID/ID Manual/input_Inbound Delivery_Close' is clicked on]]></system-out>
         <system-err><![CDATA[]]></system-err>
      </testcase>
      <testcase name="Test Cases/Manual Processes/ID" time="24.644" classname="Test Cases/Manual Processes/ID" status="PASSED">
         <system-out><![CDATA[2019-11-14 17:04:03 - [TEST_CASE][PASSED] - Test Cases/Manual Processes/ID: Test Cases/Manual Processes/ID

2019-11-14 17:04:03 - [TEST_STEP][PASSED] - waitForElementVisible(findTestObject("MainDashboard/Nav_Menu_Top/a_Warehouse"), 20): Object 'Object Repository/MainDashboard/Nav_Menu_Top/a_Warehouse' is visible

2019-11-14 17:04:07 - [MESSAGE][PASSED] - Object 'Object Repository/MainDashboard/Nav_Menu_Top/a_Warehouse' is visible

2019-11-14 17:04:07 - [TEST_STEP][PASSED] - mainDashboardSelections.Selectors.selectWHinboundAdd(): mainDashboardSelections.Selectors.selectWHinboundAdd is PASSED

2019-11-14 17:04:07 - [MESSAGE][PASSED] - Object: 'Object Repository/MainDashboard/Nav_Menu_Top/a_Warehouse' is clicked on

2019-11-14 17:04:08 - [MESSAGE][PASSED] - Object: 'Object Repository/MainDashboard/Nav_Menu_Top/Warehouse/a_Add Inbound Delivery' is clicked on

2019-11-14 17:04:08 - [MESSAGE][PASSED] - mainDashboardSelections.Selectors.selectWHinboundAdd is PASSED

2019-11-14 17:04:08 - [TEST_STEP][PASSED] - selectOptionByValue(findTestObject("ID/ID Manual/select_Prio"), "2", false): All options with value '2' are selected in object 'Object Repository/ID/ID Manual/select_Prio' 

2019-11-14 17:04:10 - [MESSAGE][PASSED] - All options with value '2' are selected in object 'Object Repository/ID/ID Manual/select_Prio' 

2019-11-14 17:04:10 - [TEST_STEP][PASSED] - selectOptionByLabel(findTestObject("ID/ID Manual/select_Wh"), findTestData("Warehouses").getValue(2, 6), false): All options with label 'WH Report' are selected in object 'Object Repository/ID/ID Manual/select_Wh' 

2019-11-14 17:04:11 - [MESSAGE][PASSED] - All options with label 'WH Report' are selected in object 'Object Repository/ID/ID Manual/select_Wh' 

2019-11-14 17:04:11 - [TEST_STEP][PASSED] - selectOptionByLabel(findTestObject("ID/ID Manual/select_Type"), "Provider Company", false): All options with label 'Provider Company' are selected in object 'Object Repository/ID/ID Manual/select_Type' 

2019-11-14 17:04:12 - [MESSAGE][PASSED] - All options with label 'Provider Company' are selected in object 'Object Repository/ID/ID Manual/select_Type' 

2019-11-14 17:04:12 - [TEST_STEP][PASSED] - click(findTestObject("ID/ID Manual/span_Select provider")): Object: 'Object Repository/ID/ID Manual/span_Select provider' is clicked on

2019-11-14 17:04:13 - [MESSAGE][PASSED] - Object: 'Object Repository/ID/ID Manual/span_Select provider' is clicked on

2019-11-14 17:04:13 - [TEST_STEP][PASSED] - setText(findTestObject("ID/ID Manual/input_Select provider"), findTestData("Provider Company").getValue(2, 1)): Text 'Edoardo Miroglio' is set on object 'Object Repository/ID/ID Manual/input_Select provider'

2019-11-14 17:04:15 - [MESSAGE][PASSED] - Text 'Edoardo Miroglio' is set on object 'Object Repository/ID/ID Manual/input_Select provider'

2019-11-14 17:04:15 - [TEST_STEP][PASSED] - sendKeys(findTestObject("ID/ID Manual/input_Select provider"), Keys.chord(ENTER)): Keys 'ENTER + ' sent to object: 'Object Repository/ID/ID Manual/input_Select provider'

2019-11-14 17:04:15 - [MESSAGE][PASSED] - Keys 'ENTER + ' sent to object: 'Object Repository/ID/ID Manual/input_Select provider'

2019-11-14 17:04:15 - [TEST_STEP][PASSED] - click(findTestObject("ID/ID Manual/span_Select client")): Object: 'Object Repository/ID/ID Manual/span_Select client' is clicked on

2019-11-14 17:04:17 - [MESSAGE][PASSED] - Object: 'Object Repository/ID/ID Manual/span_Select client' is clicked on

2019-11-14 17:04:17 - [TEST_STEP][PASSED] - setText(findTestObject("ID/ID Manual/input_Select client"), variable): Text 'COMPANY TEST' is set on object 'Object Repository/ID/ID Manual/input_Select client'

2019-11-14 17:04:18 - [MESSAGE][PASSED] - Text 'COMPANY TEST' is set on object 'Object Repository/ID/ID Manual/input_Select client'

2019-11-14 17:04:18 - [TEST_STEP][PASSED] - sendKeys(findTestObject("ID/ID Manual/input_Select client"), Keys.chord(ENTER)): Keys 'ENTER + ' sent to object: 'Object Repository/ID/ID Manual/input_Select client'

2019-11-14 17:04:19 - [MESSAGE][PASSED] - Keys 'ENTER + ' sent to object: 'Object Repository/ID/ID Manual/input_Select client'

2019-11-14 17:04:19 - [TEST_STEP][PASSED] - click(findTestObject("ID/ID Manual/span_Select_Material_ID")): Object: 'Object Repository/ID/ID Manual/span_Select_Material_ID' is clicked on

2019-11-14 17:04:20 - [MESSAGE][PASSED] - Object: 'Object Repository/ID/ID Manual/span_Select_Material_ID' is clicked on

2019-11-14 17:04:20 - [TEST_STEP][PASSED] - setText(findTestObject("ID/ID Manual/input_Material_ID"), findTestData("Materials").getValue(2, 1)): Text '400001' is set on object 'Object Repository/ID/ID Manual/input_Material_ID'

2019-11-14 17:04:21 - [MESSAGE][PASSED] - Text '400001' is set on object 'Object Repository/ID/ID Manual/input_Material_ID'

2019-11-14 17:04:21 - [TEST_STEP][PASSED] - sendKeys(findTestObject("ID/ID Manual/input_Material_ID"), Keys.chord(ENTER)): Keys 'ENTER + ' sent to object: 'Object Repository/ID/ID Manual/input_Material_ID'

2019-11-14 17:04:22 - [MESSAGE][PASSED] - Keys 'ENTER + ' sent to object: 'Object Repository/ID/ID Manual/input_Material_ID'

2019-11-14 17:04:22 - [TEST_STEP][PASSED] - setText(findTestObject("ID/ID Manual/input_Qtty"), "10"): Text '10' is set on object 'Object Repository/ID/ID Manual/input_Qtty'

2019-11-14 17:04:23 - [MESSAGE][PASSED] - Text '10' is set on object 'Object Repository/ID/ID Manual/input_Qtty'

2019-11-14 17:04:23 - [TEST_STEP][PASSED] - selectOptionByValue(findTestObject("ID/ID Manual/select_Reason"), "8", false): All options with value '8' are selected in object 'Object Repository/ID/ID Manual/select_Reason' 

2019-11-14 17:04:24 - [MESSAGE][PASSED] - All options with value '8' are selected in object 'Object Repository/ID/ID Manual/select_Reason' 

2019-11-14 17:04:24 - [TEST_STEP][PASSED] - selectOptionByValue(findTestObject("ID/ID Manual/select_Acquisition_Type"), "0", false): All options with value '0' are selected in object 'Object Repository/ID/ID Manual/select_Acquisition_Type' 

2019-11-14 17:04:25 - [MESSAGE][PASSED] - All options with value '0' are selected in object 'Object Repository/ID/ID Manual/select_Acquisition_Type' 

2019-11-14 17:04:25 - [TEST_STEP][PASSED] - setText(findTestObject("ID/ID Manual/textarea_Comments"), "This is MANUAL ID automated"): Text 'This is MANUAL ID automated' is set on object 'Object Repository/ID/ID Manual/textarea_Comments'

2019-11-14 17:04:27 - [MESSAGE][PASSED] - Text 'This is MANUAL ID automated' is set on object 'Object Repository/ID/ID Manual/textarea_Comments'

2019-11-14 17:04:27 - [TEST_STEP][PASSED] - click(findTestObject("ID/ID Manual/input_Inbound Delivery_Close")): Object: 'Object Repository/ID/ID Manual/input_Inbound Delivery_Close' is clicked on

2019-11-14 17:04:27 - [MESSAGE][PASSED] - Object: 'Object Repository/ID/ID Manual/input_Inbound Delivery_Close' is clicked on]]></system-out>
         <system-err><![CDATA[]]></system-err>
      </testcase>
      <testcase name="Test Cases/Manual Processes/ID" time="24.562" classname="Test Cases/Manual Processes/ID" status="PASSED">
         <system-out><![CDATA[2019-11-14 17:04:27 - [TEST_CASE][PASSED] - Test Cases/Manual Processes/ID: Test Cases/Manual Processes/ID

2019-11-14 17:04:27 - [TEST_STEP][PASSED] - waitForElementVisible(findTestObject("MainDashboard/Nav_Menu_Top/a_Warehouse"), 20): Object 'Object Repository/MainDashboard/Nav_Menu_Top/a_Warehouse' is visible

2019-11-14 17:04:31 - [MESSAGE][PASSED] - Object 'Object Repository/MainDashboard/Nav_Menu_Top/a_Warehouse' is visible

2019-11-14 17:04:31 - [TEST_STEP][PASSED] - mainDashboardSelections.Selectors.selectWHinboundAdd(): mainDashboardSelections.Selectors.selectWHinboundAdd is PASSED

2019-11-14 17:04:32 - [MESSAGE][PASSED] - Object: 'Object Repository/MainDashboard/Nav_Menu_Top/a_Warehouse' is clicked on

2019-11-14 17:04:33 - [MESSAGE][PASSED] - Object: 'Object Repository/MainDashboard/Nav_Menu_Top/Warehouse/a_Add Inbound Delivery' is clicked on

2019-11-14 17:04:33 - [MESSAGE][PASSED] - mainDashboardSelections.Selectors.selectWHinboundAdd is PASSED

2019-11-14 17:04:33 - [TEST_STEP][PASSED] - selectOptionByValue(findTestObject("ID/ID Manual/select_Prio"), "2", false): All options with value '2' are selected in object 'Object Repository/ID/ID Manual/select_Prio' 

2019-11-14 17:04:35 - [MESSAGE][PASSED] - All options with value '2' are selected in object 'Object Repository/ID/ID Manual/select_Prio' 

2019-11-14 17:04:35 - [TEST_STEP][PASSED] - selectOptionByLabel(findTestObject("ID/ID Manual/select_Wh"), findTestData("Warehouses").getValue(2, 6), false): All options with label 'WH Report' are selected in object 'Object Repository/ID/ID Manual/select_Wh' 

2019-11-14 17:04:36 - [MESSAGE][PASSED] - All options with label 'WH Report' are selected in object 'Object Repository/ID/ID Manual/select_Wh' 

2019-11-14 17:04:36 - [TEST_STEP][PASSED] - selectOptionByLabel(findTestObject("ID/ID Manual/select_Type"), "Provider Company", false): All options with label 'Provider Company' are selected in object 'Object Repository/ID/ID Manual/select_Type' 

2019-11-14 17:04:37 - [MESSAGE][PASSED] - All options with label 'Provider Company' are selected in object 'Object Repository/ID/ID Manual/select_Type' 

2019-11-14 17:04:37 - [TEST_STEP][PASSED] - click(findTestObject("ID/ID Manual/span_Select provider")): Object: 'Object Repository/ID/ID Manual/span_Select provider' is clicked on

2019-11-14 17:04:38 - [MESSAGE][PASSED] - Object: 'Object Repository/ID/ID Manual/span_Select provider' is clicked on

2019-11-14 17:04:38 - [TEST_STEP][PASSED] - setText(findTestObject("ID/ID Manual/input_Select provider"), findTestData("Provider Company").getValue(2, 1)): Text 'Edoardo Miroglio' is set on object 'Object Repository/ID/ID Manual/input_Select provider'

2019-11-14 17:04:39 - [MESSAGE][PASSED] - Text 'Edoardo Miroglio' is set on object 'Object Repository/ID/ID Manual/input_Select provider'

2019-11-14 17:04:39 - [TEST_STEP][PASSED] - sendKeys(findTestObject("ID/ID Manual/input_Select provider"), Keys.chord(ENTER)): Keys 'ENTER + ' sent to object: 'Object Repository/ID/ID Manual/input_Select provider'

2019-11-14 17:04:40 - [MESSAGE][PASSED] - Keys 'ENTER + ' sent to object: 'Object Repository/ID/ID Manual/input_Select provider'

2019-11-14 17:04:40 - [TEST_STEP][PASSED] - click(findTestObject("ID/ID Manual/span_Select client")): Object: 'Object Repository/ID/ID Manual/span_Select client' is clicked on

2019-11-14 17:04:41 - [MESSAGE][PASSED] - Object: 'Object Repository/ID/ID Manual/span_Select client' is clicked on

2019-11-14 17:04:41 - [TEST_STEP][PASSED] - setText(findTestObject("ID/ID Manual/input_Select client"), variable): Text 'SHOP & GO' is set on object 'Object Repository/ID/ID Manual/input_Select client'

2019-11-14 17:04:42 - [MESSAGE][PASSED] - Text 'SHOP & GO' is set on object 'Object Repository/ID/ID Manual/input_Select client'

2019-11-14 17:04:42 - [TEST_STEP][PASSED] - sendKeys(findTestObject("ID/ID Manual/input_Select client"), Keys.chord(ENTER)): Keys 'ENTER + ' sent to object: 'Object Repository/ID/ID Manual/input_Select client'

2019-11-14 17:04:43 - [MESSAGE][PASSED] - Keys 'ENTER + ' sent to object: 'Object Repository/ID/ID Manual/input_Select client'

2019-11-14 17:04:43 - [TEST_STEP][PASSED] - click(findTestObject("ID/ID Manual/span_Select_Material_ID")): Object: 'Object Repository/ID/ID Manual/span_Select_Material_ID' is clicked on

2019-11-14 17:04:44 - [MESSAGE][PASSED] - Object: 'Object Repository/ID/ID Manual/span_Select_Material_ID' is clicked on

2019-11-14 17:04:44 - [TEST_STEP][PASSED] - setText(findTestObject("ID/ID Manual/input_Material_ID"), findTestData("Materials").getValue(2, 1)): Text '400001' is set on object 'Object Repository/ID/ID Manual/input_Material_ID'

2019-11-14 17:04:45 - [MESSAGE][PASSED] - Text '400001' is set on object 'Object Repository/ID/ID Manual/input_Material_ID'

2019-11-14 17:04:45 - [TEST_STEP][PASSED] - sendKeys(findTestObject("ID/ID Manual/input_Material_ID"), Keys.chord(ENTER)): Keys 'ENTER + ' sent to object: 'Object Repository/ID/ID Manual/input_Material_ID'

2019-11-14 17:04:46 - [MESSAGE][PASSED] - Keys 'ENTER + ' sent to object: 'Object Repository/ID/ID Manual/input_Material_ID'

2019-11-14 17:04:46 - [TEST_STEP][PASSED] - setText(findTestObject("ID/ID Manual/input_Qtty"), "10"): Text '10' is set on object 'Object Repository/ID/ID Manual/input_Qtty'

2019-11-14 17:04:47 - [MESSAGE][PASSED] - Text '10' is set on object 'Object Repository/ID/ID Manual/input_Qtty'

2019-11-14 17:04:47 - [TEST_STEP][PASSED] - selectOptionByValue(findTestObject("ID/ID Manual/select_Reason"), "8", false): All options with value '8' are selected in object 'Object Repository/ID/ID Manual/select_Reason' 

2019-11-14 17:04:48 - [MESSAGE][PASSED] - All options with value '8' are selected in object 'Object Repository/ID/ID Manual/select_Reason' 

2019-11-14 17:04:48 - [TEST_STEP][PASSED] - selectOptionByValue(findTestObject("ID/ID Manual/select_Acquisition_Type"), "0", false): All options with value '0' are selected in object 'Object Repository/ID/ID Manual/select_Acquisition_Type' 

2019-11-14 17:04:50 - [MESSAGE][PASSED] - All options with value '0' are selected in object 'Object Repository/ID/ID Manual/select_Acquisition_Type' 

2019-11-14 17:04:50 - [TEST_STEP][PASSED] - setText(findTestObject("ID/ID Manual/textarea_Comments"), "This is MANUAL ID automated"): Text 'This is MANUAL ID automated' is set on object 'Object Repository/ID/ID Manual/textarea_Comments'

2019-11-14 17:04:51 - [MESSAGE][PASSED] - Text 'This is MANUAL ID automated' is set on object 'Object Repository/ID/ID Manual/textarea_Comments'

2019-11-14 17:04:51 - [TEST_STEP][PASSED] - click(findTestObject("ID/ID Manual/input_Inbound Delivery_Close")): Object: 'Object Repository/ID/ID Manual/input_Inbound Delivery_Close' is clicked on

2019-11-14 17:04:52 - [MESSAGE][PASSED] - Object: 'Object Repository/ID/ID Manual/input_Inbound Delivery_Close' is clicked on]]></system-out>
         <system-err><![CDATA[]]></system-err>
      </testcase>
      <system-out><![CDATA[2019-11-14 17:02:52 - [TEST_SUITE][PASSED] - ID: Test Cases/Manual Processes/ID]]></system-out>
      <system-err><![CDATA[]]></system-err>
   </testsuite>
</testsuites>
